mode: set
github.com/hairglasses-studio/dotfiles-mcp/discovery.go:89.49,89.71 1 1
github.com/hairglasses-studio/dotfiles-mcp/discovery.go:90.56,92.2 1 0
github.com/hairglasses-studio/dotfiles-mcp/discovery.go:94.69,98.92 1 1
github.com/hairglasses-studio/dotfiles-mcp/discovery.go:98.92,100.18 2 0
github.com/hairglasses-studio/dotfiles-mcp/discovery.go:100.18,102.5 1 0
github.com/hairglasses-studio/dotfiles-mcp/discovery.go:103.4,104.28 2 0
github.com/hairglasses-studio/dotfiles-mcp/discovery.go:104.28,106.5 1 0
github.com/hairglasses-studio/dotfiles-mcp/discovery.go:107.4,108.35 2 0
github.com/hairglasses-studio/dotfiles-mcp/discovery.go:108.35,118.5 1 0
github.com/hairglasses-studio/dotfiles-mcp/discovery.go:119.4,119.71 1 0
github.com/hairglasses-studio/dotfiles-mcp/discovery.go:122.2,128.92 3 1
github.com/hairglasses-studio/dotfiles-mcp/discovery.go:128.92,130.11 2 1
github.com/hairglasses-studio/dotfiles-mcp/discovery.go:130.11,132.5 1 1
github.com/hairglasses-studio/dotfiles-mcp/discovery.go:133.4,145.10 2 0
github.com/hairglasses-studio/dotfiles-mcp/discovery.go:148.2,154.94 3 1
github.com/hairglasses-studio/dotfiles-mcp/discovery.go:154.94,158.34 4 1
github.com/hairglasses-studio/dotfiles-mcp/discovery.go:158.34,159.59 1 1
github.com/hairglasses-studio/dotfiles-mcp/discovery.go:159.59,161.6 1 0
github.com/hairglasses-studio/dotfiles-mcp/discovery.go:163.4,165.40 2 1
github.com/hairglasses-studio/dotfiles-mcp/discovery.go:165.40,169.44 4 0
github.com/hairglasses-studio/dotfiles-mcp/discovery.go:169.44,171.6 1 0
github.com/hairglasses-studio/dotfiles-mcp/discovery.go:172.5,173.50 2 0
github.com/hairglasses-studio/dotfiles-mcp/discovery.go:173.50,175.44 2 0
github.com/hairglasses-studio/dotfiles-mcp/discovery.go:175.44,175.94 1 0
github.com/hairglasses-studio/dotfiles-mcp/discovery.go:176.6,176.31 1 0
github.com/hairglasses-studio/dotfiles-mcp/discovery.go:176.31,179.19 3 0
github.com/hairglasses-studio/dotfiles-mcp/discovery.go:179.19,181.8 1 0
github.com/hairglasses-studio/dotfiles-mcp/discovery.go:182.7,186.9 1 0
github.com/hairglasses-studio/dotfiles-mcp/discovery.go:189.5,189.35 1 0
github.com/hairglasses-studio/dotfiles-mcp/discovery.go:192.4,192.57 1 1
github.com/hairglasses-studio/dotfiles-mcp/discovery.go:195.2,201.86 3 1
github.com/hairglasses-studio/dotfiles-mcp/discovery.go:201.86,212.4 2 1
github.com/hairglasses-studio/dotfiles-mcp/discovery.go:214.2,217.66 3 1
github.com/hairglasses-studio/dotfiles-mcp/discovery.go:220.58,224.43 3 1
github.com/hairglasses-studio/dotfiles-mcp/discovery.go:224.43,226.37 2 1
github.com/hairglasses-studio/dotfiles-mcp/discovery.go:226.37,227.44 1 1
github.com/hairglasses-studio/dotfiles-mcp/discovery.go:227.44,229.5 1 1
github.com/hairglasses-studio/dotfiles-mcp/discovery.go:231.3,231.47 1 1
github.com/hairglasses-studio/dotfiles-mcp/discovery.go:235.46,256.2 1 1
github.com/hairglasses-studio/dotfiles-mcp/discovery.go:258.31,259.79 1 1
github.com/hairglasses-studio/dotfiles-mcp/discovery.go:260.21,261.19 1 1
github.com/hairglasses-studio/dotfiles-mcp/discovery.go:262.13,263.15 1 1
github.com/hairglasses-studio/dotfiles-mcp/discovery.go:264.14,265.16 1 1
github.com/hairglasses-studio/dotfiles-mcp/discovery.go:266.10,267.19 1 1
github.com/hairglasses-studio/dotfiles-mcp/discovery.go:271.79,272.17 1 1
github.com/hairglasses-studio/dotfiles-mcp/discovery.go:273.14,274.15 1 1
github.com/hairglasses-studio/dotfiles-mcp/discovery.go:275.13,278.44 1 1
github.com/hairglasses-studio/dotfiles-mcp/discovery.go:279.10,280.14 1 1
github.com/hairglasses-studio/dotfiles-mcp/discovery.go:284.43,285.19 1 1
github.com/hairglasses-studio/dotfiles-mcp/discovery.go:285.19,287.3 1 1
github.com/hairglasses-studio/dotfiles-mcp/discovery.go:288.2,289.16 2 1
github.com/hairglasses-studio/dotfiles-mcp/discovery.go:289.16,291.3 1 0
github.com/hairglasses-studio/dotfiles-mcp/discovery.go:292.2,293.51 2 1
github.com/hairglasses-studio/dotfiles-mcp/discovery.go:293.51,295.3 1 0
github.com/hairglasses-studio/dotfiles-mcp/discovery.go:296.2,296.12 1 1
github.com/hairglasses-studio/dotfiles-mcp/discovery.go:299.53,300.22 1 0
github.com/hairglasses-studio/dotfiles-mcp/discovery.go:300.22,302.3 1 0
github.com/hairglasses-studio/dotfiles-mcp/discovery.go:303.2,304.16 2 0
github.com/hairglasses-studio/dotfiles-mcp/discovery.go:304.16,306.3 1 0
github.com/hairglasses-studio/dotfiles-mcp/discovery.go:307.2,308.51 2 0
github.com/hairglasses-studio/dotfiles-mcp/discovery.go:308.51,310.3 1 0
github.com/hairglasses-studio/dotfiles-mcp/discovery.go:311.2,311.12 1 0
github.com/hairglasses-studio/dotfiles-mcp/main.go:32.27,33.45 1 1
github.com/hairglasses-studio/dotfiles-mcp/main.go:33.45,35.3 1 1
github.com/hairglasses-studio/dotfiles-mcp/main.go:36.2,37.62 2 0
github.com/hairglasses-studio/dotfiles-mcp/main.go:40.23,43.2 2 1
github.com/hairglasses-studio/dotfiles-mcp/main.go:46.39,47.45 1 0
github.com/hairglasses-studio/dotfiles-mcp/main.go:48.15,49.16 1 0
github.com/hairglasses-studio/dotfiles-mcp/main.go:50.25,51.16 1 0
github.com/hairglasses-studio/dotfiles-mcp/main.go:52.23,53.16 1 0
github.com/hairglasses-studio/dotfiles-mcp/main.go:54.23,55.15 1 0
github.com/hairglasses-studio/dotfiles-mcp/main.go:56.10,57.19 1 0
github.com/hairglasses-studio/dotfiles-mcp/main.go:72.53,102.30 5 0
github.com/hairglasses-studio/dotfiles-mcp/main.go:102.30,109.3 1 0
github.com/hairglasses-studio/dotfiles-mcp/main.go:109.8,109.36 1 0
github.com/hairglasses-studio/dotfiles-mcp/main.go:109.36,122.3 1 0
github.com/hairglasses-studio/dotfiles-mcp/main.go:124.2,124.14 1 0
github.com/hairglasses-studio/dotfiles-mcp/main.go:128.48,129.14 1 0
github.com/hairglasses-studio/dotfiles-mcp/main.go:129.14,131.3 1 0
github.com/hairglasses-studio/dotfiles-mcp/main.go:132.2,133.9 2 0
github.com/hairglasses-studio/dotfiles-mcp/main.go:133.9,135.3 1 0
github.com/hairglasses-studio/dotfiles-mcp/main.go:136.2,137.27 2 0
github.com/hairglasses-studio/dotfiles-mcp/main.go:137.27,139.10 2 0
github.com/hairglasses-studio/dotfiles-mcp/main.go:139.10,140.12 1 0
github.com/hairglasses-studio/dotfiles-mcp/main.go:142.3,142.23 1 0
github.com/hairglasses-studio/dotfiles-mcp/main.go:144.2,144.17 1 0
github.com/hairglasses-studio/dotfiles-mcp/main.go:685.47,685.68 1 1
github.com/hairglasses-studio/dotfiles-mcp/main.go:686.47,686.99 1 0
github.com/hairglasses-studio/dotfiles-mcp/main.go:688.60,694.75 1 1
github.com/hairglasses-studio/dotfiles-mcp/main.go:694.75,697.19 3 0
github.com/hairglasses-studio/dotfiles-mcp/main.go:697.19,699.6 1 0
github.com/hairglasses-studio/dotfiles-mcp/main.go:701.5,705.31 4 0
github.com/hairglasses-studio/dotfiles-mcp/main.go:705.31,706.20 1 0
github.com/hairglasses-studio/dotfiles-mcp/main.go:706.20,707.15 1 0
github.com/hairglasses-studio/dotfiles-mcp/main.go:709.6,710.38 2 0
github.com/hairglasses-studio/dotfiles-mcp/main.go:710.38,711.15 1 0
github.com/hairglasses-studio/dotfiles-mcp/main.go:713.6,721.36 4 0
github.com/hairglasses-studio/dotfiles-mcp/main.go:721.36,722.21 1 0
github.com/hairglasses-studio/dotfiles-mcp/main.go:722.21,723.16 1 0
github.com/hairglasses-studio/dotfiles-mcp/main.go:725.7,726.25 2 0
github.com/hairglasses-studio/dotfiles-mcp/main.go:726.25,728.13 2 0
github.com/hairglasses-studio/dotfiles-mcp/main.go:731.6,731.25 1 0
github.com/hairglasses-studio/dotfiles-mcp/main.go:731.25,733.7 1 0
github.com/hairglasses-studio/dotfiles-mcp/main.go:735.6,736.63 2 0
github.com/hairglasses-studio/dotfiles-mcp/main.go:736.63,740.7 3 0
github.com/hairglasses-studio/dotfiles-mcp/main.go:742.6,742.35 1 0
github.com/hairglasses-studio/dotfiles-mcp/main.go:745.5,745.52 1 0
github.com/hairglasses-studio/dotfiles-mcp/main.go:753.85,754.28 1 1
github.com/hairglasses-studio/dotfiles-mcp/main.go:754.28,756.6 1 0
github.com/hairglasses-studio/dotfiles-mcp/main.go:757.5,757.27 1 1
github.com/hairglasses-studio/dotfiles-mcp/main.go:757.27,759.6 1 0
github.com/hairglasses-studio/dotfiles-mcp/main.go:761.5,763.42 2 1
github.com/hairglasses-studio/dotfiles-mcp/main.go:764.17,766.20 2 1
github.com/hairglasses-studio/dotfiles-mcp/main.go:766.20,769.46 3 1
github.com/hairglasses-studio/dotfiles-mcp/main.go:769.46,772.75 3 1
github.com/hairglasses-studio/dotfiles-mcp/main.go:772.75,774.9 1 1
github.com/hairglasses-studio/dotfiles-mcp/main.go:778.17,781.45 3 1
github.com/hairglasses-studio/dotfiles-mcp/main.go:781.45,784.48 3 0
github.com/hairglasses-studio/dotfiles-mcp/main.go:784.48,787.8 2 0
github.com/hairglasses-studio/dotfiles-mcp/main.go:790.13,791.150 1 0
github.com/hairglasses-studio/dotfiles-mcp/main.go:794.5,794.19 1 1
github.com/hairglasses-studio/dotfiles-mcp/main.go:802.83,803.28 1 0
github.com/hairglasses-studio/dotfiles-mcp/main.go:803.28,805.6 1 0
github.com/hairglasses-studio/dotfiles-mcp/main.go:807.5,808.12 2 0
github.com/hairglasses-studio/dotfiles-mcp/main.go:808.12,810.36 2 0
github.com/hairglasses-studio/dotfiles-mcp/main.go:810.36,812.7 1 0
github.com/hairglasses-studio/dotfiles-mcp/main.go:813.6,813.159 1 0
github.com/hairglasses-studio/dotfiles-mcp/main.go:816.5,822.37 6 0
github.com/hairglasses-studio/dotfiles-mcp/main.go:822.37,825.6 2 0
github.com/hairglasses-studio/dotfiles-mcp/main.go:825.11,827.6 1 0
github.com/hairglasses-studio/dotfiles-mcp/main.go:828.5,829.18 2 0
github.com/hairglasses-studio/dotfiles-mcp/main.go:829.18,831.6 1 0
github.com/hairglasses-studio/dotfiles-mcp/main.go:833.5,833.19 1 0
github.com/hairglasses-studio/dotfiles-mcp/main.go:841.79,845.29 3 0
github.com/hairglasses-studio/dotfiles-mcp/main.go:845.29,852.20 3 0
github.com/hairglasses-studio/dotfiles-mcp/main.go:852.20,854.7 1 0
github.com/hairglasses-studio/dotfiles-mcp/main.go:854.12,854.32 1 0
github.com/hairglasses-studio/dotfiles-mcp/main.go:854.32,856.7 1 0
github.com/hairglasses-studio/dotfiles-mcp/main.go:856.12,859.7 2 0
github.com/hairglasses-studio/dotfiles-mcp/main.go:861.6,861.35 1 0
github.com/hairglasses-studio/dotfiles-mcp/main.go:864.5,864.55 1 0
github.com/hairglasses-studio/dotfiles-mcp/main.go:872.79,873.26 1 0
github.com/hairglasses-studio/dotfiles-mcp/main.go:873.26,875.6 1 0
github.com/hairglasses-studio/dotfiles-mcp/main.go:877.5,884.37 5 0
github.com/hairglasses-studio/dotfiles-mcp/main.go:884.37,886.6 1 0
github.com/hairglasses-studio/dotfiles-mcp/main.go:888.5,890.20 3 0
github.com/hairglasses-studio/dotfiles-mcp/main.go:890.20,892.43 2 0
github.com/hairglasses-studio/dotfiles-mcp/main.go:892.43,893.15 1 0
github.com/hairglasses-studio/dotfiles-mcp/main.go:895.6,895.32 1 0
github.com/hairglasses-studio/dotfiles-mcp/main.go:895.32,897.51 2 0
github.com/hairglasses-studio/dotfiles-mcp/main.go:897.51,898.16 1 0
github.com/hairglasses-studio/dotfiles-mcp/main.go:901.6,901.30 1 0
github.com/hairglasses-studio/dotfiles-mcp/main.go:904.5,905.29 2 0
github.com/hairglasses-studio/dotfiles-mcp/main.go:905.29,906.16 1 0
github.com/hairglasses-studio/dotfiles-mcp/main.go:906.16,908.7 1 0
github.com/hairglasses-studio/dotfiles-mcp/main.go:908.12,910.7 1 0
github.com/hairglasses-studio/dotfiles-mcp/main.go:913.5,913.20 1 0
github.com/hairglasses-studio/dotfiles-mcp/main.go:921.87,922.26 1 0
github.com/hairglasses-studio/dotfiles-mcp/main.go:922.26,924.6 1 0
github.com/hairglasses-studio/dotfiles-mcp/main.go:925.5,925.30 1 0
github.com/hairglasses-studio/dotfiles-mcp/main.go:925.30,927.6 1 0
github.com/hairglasses-studio/dotfiles-mcp/main.go:928.5,928.30 1 0
github.com/hairglasses-studio/dotfiles-mcp/main.go:928.30,930.6 1 0
github.com/hairglasses-studio/dotfiles-mcp/main.go:932.5,935.38 3 0
github.com/hairglasses-studio/dotfiles-mcp/main.go:935.38,937.31 2 0
github.com/hairglasses-studio/dotfiles-mcp/main.go:937.31,939.15 2 0
github.com/hairglasses-studio/dotfiles-mcp/main.go:942.6,945.42 4 0
github.com/hairglasses-studio/dotfiles-mcp/main.go:945.42,947.15 2 0
github.com/hairglasses-studio/dotfiles-mcp/main.go:949.6,949.55 1 0
github.com/hairglasses-studio/dotfiles-mcp/main.go:949.55,951.15 2 0
github.com/hairglasses-studio/dotfiles-mcp/main.go:954.6,954.16 1 0
github.com/hairglasses-studio/dotfiles-mcp/main.go:954.16,956.15 2 0
github.com/hairglasses-studio/dotfiles-mcp/main.go:959.6,964.46 4 0
github.com/hairglasses-studio/dotfiles-mcp/main.go:964.46,966.7 1 0
github.com/hairglasses-studio/dotfiles-mcp/main.go:966.12,968.7 1 0
github.com/hairglasses-studio/dotfiles-mcp/main.go:971.5,971.56 1 0
github.com/hairglasses-studio/dotfiles-mcp/main.go:979.85,980.26 1 0
github.com/hairglasses-studio/dotfiles-mcp/main.go:980.26,982.6 1 0
github.com/hairglasses-studio/dotfiles-mcp/main.go:983.5,983.30 1 0
github.com/hairglasses-studio/dotfiles-mcp/main.go:983.30,985.6 1 0
github.com/hairglasses-studio/dotfiles-mcp/main.go:986.5,986.30 1 0
github.com/hairglasses-studio/dotfiles-mcp/main.go:986.30,988.6 1 0
github.com/hairglasses-studio/dotfiles-mcp/main.go:990.5,993.38 3 0
github.com/hairglasses-studio/dotfiles-mcp/main.go:993.38,995.31 2 0
github.com/hairglasses-studio/dotfiles-mcp/main.go:995.31,997.15 2 0
github.com/hairglasses-studio/dotfiles-mcp/main.go:1000.6,1004.42 4 0
github.com/hairglasses-studio/dotfiles-mcp/main.go:1004.42,1006.15 2 0
github.com/hairglasses-studio/dotfiles-mcp/main.go:1009.6,1014.67 2 0
github.com/hairglasses-studio/dotfiles-mcp/main.go:1014.67,1016.15 2 0
github.com/hairglasses-studio/dotfiles-mcp/main.go:1019.6,1020.22 2 0
github.com/hairglasses-studio/dotfiles-mcp/main.go:1020.22,1022.7 1 0
github.com/hairglasses-studio/dotfiles-mcp/main.go:1024.6,1024.16 1 0
github.com/hairglasses-studio/dotfiles-mcp/main.go:1024.16,1030.15 2 0
github.com/hairglasses-studio/dotfiles-mcp/main.go:1033.6,1034.20 2 0
github.com/hairglasses-studio/dotfiles-mcp/main.go:1034.20,1036.15 2 0
github.com/hairglasses-studio/dotfiles-mcp/main.go:1039.6,1041.59 2 0
github.com/hairglasses-studio/dotfiles-mcp/main.go:1041.59,1044.15 3 0
github.com/hairglasses-studio/dotfiles-mcp/main.go:1047.6,1047.53 1 0
github.com/hairglasses-studio/dotfiles-mcp/main.go:1047.53,1052.7 4 0
github.com/hairglasses-studio/dotfiles-mcp/main.go:1054.6,1056.74 2 0
github.com/hairglasses-studio/dotfiles-mcp/main.go:1056.74,1059.15 3 0
github.com/hairglasses-studio/dotfiles-mcp/main.go:1061.6,1062.126 2 0
github.com/hairglasses-studio/dotfiles-mcp/main.go:1062.126,1065.15 3 0
github.com/hairglasses-studio/dotfiles-mcp/main.go:1067.6,1070.32 3 0
github.com/hairglasses-studio/dotfiles-mcp/main.go:1070.32,1072.7 1 0
github.com/hairglasses-studio/dotfiles-mcp/main.go:1073.6,1074.60 2 0
github.com/hairglasses-studio/dotfiles-mcp/main.go:1074.60,1077.15 3 0
github.com/hairglasses-studio/dotfiles-mcp/main.go:1080.6,1083.41 3 0
github.com/hairglasses-studio/dotfiles-mcp/main.go:1083.41,1085.7 1 0
github.com/hairglasses-studio/dotfiles-mcp/main.go:1085.12,1087.7 1 0
github.com/hairglasses-studio/dotfiles-mcp/main.go:1090.5,1090.55 1 0
github.com/hairglasses-studio/dotfiles-mcp/main.go:1098.73,1102.28 3 0
github.com/hairglasses-studio/dotfiles-mcp/main.go:1102.28,1104.6 1 0
github.com/hairglasses-studio/dotfiles-mcp/main.go:1106.5,1109.30 4 0
github.com/hairglasses-studio/dotfiles-mcp/main.go:1109.30,1111.6 1 0
github.com/hairglasses-studio/dotfiles-mcp/main.go:1113.5,1118.31 5 0
github.com/hairglasses-studio/dotfiles-mcp/main.go:1118.31,1120.6 1 0
github.com/hairglasses-studio/dotfiles-mcp/main.go:1122.5,1124.42 3 0
github.com/hairglasses-studio/dotfiles-mcp/main.go:1124.42,1127.6 2 0
github.com/hairglasses-studio/dotfiles-mcp/main.go:1129.5,1134.38 5 0
github.com/hairglasses-studio/dotfiles-mcp/main.go:1134.38,1137.6 2 0
github.com/hairglasses-studio/dotfiles-mcp/main.go:1139.5,1142.28 4 0
github.com/hairglasses-studio/dotfiles-mcp/main.go:1142.28,1144.6 1 0
github.com/hairglasses-studio/dotfiles-mcp/main.go:1146.5,1147.30 2 0
github.com/hairglasses-studio/dotfiles-mcp/main.go:1147.30,1149.42 2 0
github.com/hairglasses-studio/dotfiles-mcp/main.go:1149.42,1151.7 1 0
github.com/hairglasses-studio/dotfiles-mcp/main.go:1154.5,1154.18 1 0
github.com/hairglasses-studio/dotfiles-mcp/main.go:1162.71,1170.30 5 0
github.com/hairglasses-studio/dotfiles-mcp/main.go:1170.30,1173.6 2 0
github.com/hairglasses-studio/dotfiles-mcp/main.go:1175.5,1181.28 6 0
github.com/hairglasses-studio/dotfiles-mcp/main.go:1181.28,1182.83 1 0
github.com/hairglasses-studio/dotfiles-mcp/main.go:1182.83,1184.21 2 0
github.com/hairglasses-studio/dotfiles-mcp/main.go:1184.21,1185.16 1 0
github.com/hairglasses-studio/dotfiles-mcp/main.go:1187.7,1187.64 1 0
github.com/hairglasses-studio/dotfiles-mcp/main.go:1187.64,1189.8 1 0
github.com/hairglasses-studio/dotfiles-mcp/main.go:1193.5,1196.30 4 0
github.com/hairglasses-studio/dotfiles-mcp/main.go:1196.30,1198.66 2 0
github.com/hairglasses-studio/dotfiles-mcp/main.go:1198.66,1200.46 2 0
github.com/hairglasses-studio/dotfiles-mcp/main.go:1200.46,1202.8 1 0
github.com/hairglasses-studio/dotfiles-mcp/main.go:1203.7,1203.47 1 0
github.com/hairglasses-studio/dotfiles-mcp/main.go:1203.47,1205.27 2 0
github.com/hairglasses-studio/dotfiles-mcp/main.go:1205.27,1208.67 3 0
github.com/hairglasses-studio/dotfiles-mcp/main.go:1208.67,1210.10 1 0
github.com/hairglasses-studio/dotfiles-mcp/main.go:1211.9,1215.11 1 0
github.com/hairglasses-studio/dotfiles-mcp/main.go:1221.5,1225.35 2 0
github.com/hairglasses-studio/dotfiles-mcp/main.go:1225.35,1229.29 4 0
github.com/hairglasses-studio/dotfiles-mcp/main.go:1229.29,1231.7 1 0
github.com/hairglasses-studio/dotfiles-mcp/main.go:1234.5,1234.19 1 0
github.com/hairglasses-studio/dotfiles-mcp/main.go:1242.69,1243.29 1 0
github.com/hairglasses-studio/dotfiles-mcp/main.go:1243.29,1245.6 1 0
github.com/hairglasses-studio/dotfiles-mcp/main.go:1247.5,1252.37 5 0
github.com/hairglasses-studio/dotfiles-mcp/main.go:1252.37,1254.6 1 0
github.com/hairglasses-studio/dotfiles-mcp/main.go:1256.5,1259.54 3 0
github.com/hairglasses-studio/dotfiles-mcp/main.go:1259.54,1261.6 1 0
github.com/hairglasses-studio/dotfiles-mcp/main.go:1263.5,1263.69 1 0
github.com/hairglasses-studio/dotfiles-mcp/main.go:1271.79,1272.29 1 0
github.com/hairglasses-studio/dotfiles-mcp/main.go:1272.29,1274.6 1 0
github.com/hairglasses-studio/dotfiles-mcp/main.go:1276.5,1277.29 2 0
github.com/hairglasses-studio/dotfiles-mcp/main.go:1277.29,1279.6 1 0
github.com/hairglasses-studio/dotfiles-mcp/main.go:1280.5,1280.21 1 0
github.com/hairglasses-studio/dotfiles-mcp/main.go:1280.21,1282.6 1 0
github.com/hairglasses-studio/dotfiles-mcp/main.go:1284.5,1292.19 8 0
github.com/hairglasses-studio/dotfiles-mcp/main.go:1292.19,1294.6 1 0
github.com/hairglasses-studio/dotfiles-mcp/main.go:1295.5,1300.11 1 0
github.com/hairglasses-studio/dotfiles-mcp/main.go:1308.79,1309.29 1 0
github.com/hairglasses-studio/dotfiles-mcp/main.go:1309.29,1311.6 1 0
github.com/hairglasses-studio/dotfiles-mcp/main.go:1313.5,1314.24 2 0
github.com/hairglasses-studio/dotfiles-mcp/main.go:1314.24,1316.6 1 0
github.com/hairglasses-studio/dotfiles-mcp/main.go:1317.5,1317.23 1 0
github.com/hairglasses-studio/dotfiles-mcp/main.go:1317.23,1319.6 1 0
github.com/hairglasses-studio/dotfiles-mcp/main.go:1321.5,1330.23 9 0
github.com/hairglasses-studio/dotfiles-mcp/main.go:1330.23,1332.6 1 0
github.com/hairglasses-studio/dotfiles-mcp/main.go:1334.5,1335.57 2 0
github.com/hairglasses-studio/dotfiles-mcp/main.go:1335.57,1340.6 1 0
github.com/hairglasses-studio/dotfiles-mcp/main.go:1341.5,1345.11 1 0
github.com/hairglasses-studio/dotfiles-mcp/main.go:1353.75,1361.5 7 0
github.com/hairglasses-studio/dotfiles-mcp/main.go:1368.69,1376.5 7 0
github.com/hairglasses-studio/dotfiles-mcp/main.go:1383.81,1385.21 2 0
github.com/hairglasses-studio/dotfiles-mcp/main.go:1385.21,1387.6 1 0
github.com/hairglasses-studio/dotfiles-mcp/main.go:1388.5,1388.19 1 0
github.com/hairglasses-studio/dotfiles-mcp/main.go:1388.19,1390.6 1 0
github.com/hairglasses-studio/dotfiles-mcp/main.go:1390.11,1392.6 1 0
github.com/hairglasses-studio/dotfiles-mcp/main.go:1394.5,1400.60 7 0
github.com/hairglasses-studio/dotfiles-mcp/main.go:1408.69,1410.21 2 0
github.com/hairglasses-studio/dotfiles-mcp/main.go:1410.21,1412.6 1 0
github.com/hairglasses-studio/dotfiles-mcp/main.go:1413.5,1413.19 1 0
github.com/hairglasses-studio/dotfiles-mcp/main.go:1413.19,1415.6 1 0
github.com/hairglasses-studio/dotfiles-mcp/main.go:1417.5,1423.54 7 0
github.com/hairglasses-studio/dotfiles-mcp/main.go:1431.85,1432.30 1 0
github.com/hairglasses-studio/dotfiles-mcp/main.go:1432.30,1434.6 1 0
github.com/hairglasses-studio/dotfiles-mcp/main.go:1435.5,1435.30 1 0
github.com/hairglasses-studio/dotfiles-mcp/main.go:1435.30,1437.6 1 0
github.com/hairglasses-studio/dotfiles-mcp/main.go:1439.5,1440.23 2 0
github.com/hairglasses-studio/dotfiles-mcp/main.go:1440.23,1442.6 1 0
github.com/hairglasses-studio/dotfiles-mcp/main.go:1444.5,1447.44 3 0
github.com/hairglasses-studio/dotfiles-mcp/main.go:1447.44,1449.61 2 0
github.com/hairglasses-studio/dotfiles-mcp/main.go:1449.61,1451.15 2 0
github.com/hairglasses-studio/dotfiles-mcp/main.go:1453.6,1464.42 7 0
github.com/hairglasses-studio/dotfiles-mcp/main.go:1464.42,1466.15 2 0
github.com/hairglasses-studio/dotfiles-mcp/main.go:1469.6,1474.67 2 0
github.com/hairglasses-studio/dotfiles-mcp/main.go:1474.67,1476.15 2 0
github.com/hairglasses-studio/dotfiles-mcp/main.go:1479.6,1479.16 1 0
github.com/hairglasses-studio/dotfiles-mcp/main.go:1479.16,1481.24 2 0
github.com/hairglasses-studio/dotfiles-mcp/main.go:1481.24,1483.8 1 0
github.com/hairglasses-studio/dotfiles-mcp/main.go:1484.7,1489.15 2 0
github.com/hairglasses-studio/dotfiles-mcp/main.go:1493.6,1493.24 1 0
github.com/hairglasses-studio/dotfiles-mcp/main.go:1493.24,1495.59 2 0
github.com/hairglasses-studio/dotfiles-mcp/main.go:1495.59,1498.16 2 0
github.com/hairglasses-studio/dotfiles-mcp/main.go:1503.6,1504.20 2 0
github.com/hairglasses-studio/dotfiles-mcp/main.go:1504.20,1506.15 2 0
github.com/hairglasses-studio/dotfiles-mcp/main.go:1509.6,1511.59 3 0
github.com/hairglasses-studio/dotfiles-mcp/main.go:1511.59,1514.15 3 0
github.com/hairglasses-studio/dotfiles-mcp/main.go:1517.6,1517.53 1 0
github.com/hairglasses-studio/dotfiles-mcp/main.go:1517.53,1522.7 4 0
github.com/hairglasses-studio/dotfiles-mcp/main.go:1525.6,1526.74 2 0
github.com/hairglasses-studio/dotfiles-mcp/main.go:1526.74,1529.15 3 0
github.com/hairglasses-studio/dotfiles-mcp/main.go:1531.6,1533.65 3 0
github.com/hairglasses-studio/dotfiles-mcp/main.go:1533.65,1536.15 3 0
github.com/hairglasses-studio/dotfiles-mcp/main.go:1538.6,1541.87 2 0
github.com/hairglasses-studio/dotfiles-mcp/main.go:1541.87,1544.15 3 0
github.com/hairglasses-studio/dotfiles-mcp/main.go:1548.6,1549.58 2 0
github.com/hairglasses-studio/dotfiles-mcp/main.go:1549.58,1552.92 3 0
github.com/hairglasses-studio/dotfiles-mcp/main.go:1552.92,1553.16 1 0
github.com/hairglasses-studio/dotfiles-mcp/main.go:1555.7,1555.51 1 0
github.com/hairglasses-studio/dotfiles-mcp/main.go:1558.6,1564.61 5 0
github.com/hairglasses-studio/dotfiles-mcp/main.go:1564.61,1566.15 2 0
github.com/hairglasses-studio/dotfiles-mcp/main.go:1569.6,1573.8 1 0
github.com/hairglasses-studio/dotfiles-mcp/main.go:1576.5,1576.55 1 0
github.com/hairglasses-studio/dotfiles-mcp/main.go:1584.85,1585.24 1 0
github.com/hairglasses-studio/dotfiles-mcp/main.go:1585.24,1587.6 1 0
github.com/hairglasses-studio/dotfiles-mcp/main.go:1589.5,1590.23 2 0
github.com/hairglasses-studio/dotfiles-mcp/main.go:1590.23,1592.6 1 0
github.com/hairglasses-studio/dotfiles-mcp/main.go:1594.5,1601.37 5 0
github.com/hairglasses-studio/dotfiles-mcp/main.go:1601.37,1603.6 1 0
github.com/hairglasses-studio/dotfiles-mcp/main.go:1605.5,1608.20 4 0
github.com/hairglasses-studio/dotfiles-mcp/main.go:1608.20,1610.43 2 0
github.com/hairglasses-studio/dotfiles-mcp/main.go:1610.43,1611.15 1 0
github.com/hairglasses-studio/dotfiles-mcp/main.go:1614.6,1615.70 2 0
github.com/hairglasses-studio/dotfiles-mcp/main.go:1615.70,1618.7 2 0
github.com/hairglasses-studio/dotfiles-mcp/main.go:1618.12,1623.45 5 0
github.com/hairglasses-studio/dotfiles-mcp/main.go:1623.45,1626.8 2 0
github.com/hairglasses-studio/dotfiles-mcp/main.go:1626.13,1631.86 5 0
github.com/hairglasses-studio/dotfiles-mcp/main.go:1631.86,1634.9 2 0
github.com/hairglasses-studio/dotfiles-mcp/main.go:1634.14,1636.9 1 0
github.com/hairglasses-studio/dotfiles-mcp/main.go:1641.6,1641.45 1 0
github.com/hairglasses-studio/dotfiles-mcp/main.go:1641.45,1642.15 1 0
github.com/hairglasses-studio/dotfiles-mcp/main.go:1644.6,1644.57 1 0
github.com/hairglasses-studio/dotfiles-mcp/main.go:1644.57,1645.15 1 0
github.com/hairglasses-studio/dotfiles-mcp/main.go:1647.6,1647.34 1 0
github.com/hairglasses-studio/dotfiles-mcp/main.go:1647.34,1649.44 2 0
github.com/hairglasses-studio/dotfiles-mcp/main.go:1649.44,1650.47 1 0
github.com/hairglasses-studio/dotfiles-mcp/main.go:1650.47,1652.14 2 0
github.com/hairglasses-studio/dotfiles-mcp/main.go:1655.7,1655.17 1 0
github.com/hairglasses-studio/dotfiles-mcp/main.go:1655.17,1656.16 1 0
github.com/hairglasses-studio/dotfiles-mcp/main.go:1660.6,1660.30 1 0
github.com/hairglasses-studio/dotfiles-mcp/main.go:1663.5,1668.11 1 0
github.com/hairglasses-studio/dotfiles-mcp/main.go:1676.89,1677.24 1 0
github.com/hairglasses-studio/dotfiles-mcp/main.go:1677.24,1679.6 1 0
github.com/hairglasses-studio/dotfiles-mcp/main.go:1681.5,1682.23 2 0
github.com/hairglasses-studio/dotfiles-mcp/main.go:1682.23,1684.6 1 0
github.com/hairglasses-studio/dotfiles-mcp/main.go:1687.5,1692.37 4 0
github.com/hairglasses-studio/dotfiles-mcp/main.go:1692.37,1694.6 1 0
github.com/hairglasses-studio/dotfiles-mcp/main.go:1696.5,1697.82 2 0
github.com/hairglasses-studio/dotfiles-mcp/main.go:1697.82,1699.20 2 0
github.com/hairglasses-studio/dotfiles-mcp/main.go:1699.20,1701.7 1 0
github.com/hairglasses-studio/dotfiles-mcp/main.go:1705.5,1706.19 2 0
github.com/hairglasses-studio/dotfiles-mcp/main.go:1706.19,1708.6 1 0
github.com/hairglasses-studio/dotfiles-mcp/main.go:1710.5,1711.36 2 0
github.com/hairglasses-studio/dotfiles-mcp/main.go:1711.36,1712.19 1 0
github.com/hairglasses-studio/dotfiles-mcp/main.go:1712.19,1714.7 1 0
github.com/hairglasses-studio/dotfiles-mcp/main.go:1717.5,1721.33 3 0
github.com/hairglasses-studio/dotfiles-mcp/main.go:1721.33,1724.47 3 0
github.com/hairglasses-studio/dotfiles-mcp/main.go:1724.47,1725.15 1 0
github.com/hairglasses-studio/dotfiles-mcp/main.go:1728.6,1728.25 1 0
github.com/hairglasses-studio/dotfiles-mcp/main.go:1728.25,1731.15 3 0
github.com/hairglasses-studio/dotfiles-mcp/main.go:1734.6,1738.44 5 0
github.com/hairglasses-studio/dotfiles-mcp/main.go:1738.44,1741.15 3 0
github.com/hairglasses-studio/dotfiles-mcp/main.go:1744.6,1745.58 2 0
github.com/hairglasses-studio/dotfiles-mcp/main.go:1745.58,1748.7 2 0
github.com/hairglasses-studio/dotfiles-mcp/main.go:1748.12,1750.7 1 0
github.com/hairglasses-studio/dotfiles-mcp/main.go:1754.5,1754.32 1 0
github.com/hairglasses-studio/dotfiles-mcp/main.go:1754.32,1755.26 1 0
github.com/hairglasses-studio/dotfiles-mcp/main.go:1755.26,1758.7 2 0
github.com/hairglasses-studio/dotfiles-mcp/main.go:1761.5,1767.11 1 0
github.com/hairglasses-studio/dotfiles-mcp/main.go:1775.83,1776.24 1 0
github.com/hairglasses-studio/dotfiles-mcp/main.go:1776.24,1778.6 1 0
github.com/hairglasses-studio/dotfiles-mcp/main.go:1779.5,1779.30 1 0
github.com/hairglasses-studio/dotfiles-mcp/main.go:1779.30,1781.6 1 0
github.com/hairglasses-studio/dotfiles-mcp/main.go:1783.5,1786.38 3 0
github.com/hairglasses-studio/dotfiles-mcp/main.go:1786.38,1791.43 4 0
github.com/hairglasses-studio/dotfiles-mcp/main.go:1791.43,1793.15 2 0
github.com/hairglasses-studio/dotfiles-mcp/main.go:1795.6,1795.56 1 0
github.com/hairglasses-studio/dotfiles-mcp/main.go:1795.56,1797.15 2 0
github.com/hairglasses-studio/dotfiles-mcp/main.go:1800.6,1800.16 1 0
github.com/hairglasses-studio/dotfiles-mcp/main.go:1800.16,1802.15 2 0
github.com/hairglasses-studio/dotfiles-mcp/main.go:1805.6,1808.61 2 0
github.com/hairglasses-studio/dotfiles-mcp/main.go:1808.61,1810.7 1 0
github.com/hairglasses-studio/dotfiles-mcp/main.go:1810.12,1812.7 1 0
github.com/hairglasses-studio/dotfiles-mcp/main.go:1815.5,1815.54 1 0
github.com/hairglasses-studio/dotfiles-mcp/main.go:1823.85,1824.24 1 0
github.com/hairglasses-studio/dotfiles-mcp/main.go:1824.24,1826.6 1 0
github.com/hairglasses-studio/dotfiles-mcp/main.go:1829.5,1831.41 3 0
github.com/hairglasses-studio/dotfiles-mcp/main.go:1831.41,1834.6 2 0
github.com/hairglasses-studio/dotfiles-mcp/main.go:1835.5,1835.29 1 0
github.com/hairglasses-studio/dotfiles-mcp/main.go:1835.29,1838.6 2 0
github.com/hairglasses-studio/dotfiles-mcp/main.go:1839.5,1839.33 1 0
github.com/hairglasses-studio/dotfiles-mcp/main.go:1839.33,1842.6 2 0
github.com/hairglasses-studio/dotfiles-mcp/main.go:1843.5,1843.38 1 0
github.com/hairglasses-studio/dotfiles-mcp/main.go:1843.38,1846.6 2 0
github.com/hairglasses-studio/dotfiles-mcp/main.go:1847.5,1847.38 1 0
github.com/hairglasses-studio/dotfiles-mcp/main.go:1847.38,1850.6 2 0
github.com/hairglasses-studio/dotfiles-mcp/main.go:1851.5,1851.38 1 0
github.com/hairglasses-studio/dotfiles-mcp/main.go:1851.38,1854.6 2 0
github.com/hairglasses-studio/dotfiles-mcp/main.go:1856.5,1856.27 1 0
github.com/hairglasses-studio/dotfiles-mcp/main.go:1856.27,1858.6 1 0
github.com/hairglasses-studio/dotfiles-mcp/main.go:1861.5,1862.24 2 0
github.com/hairglasses-studio/dotfiles-mcp/main.go:1862.24,1868.38 4 0
github.com/hairglasses-studio/dotfiles-mcp/main.go:1868.38,1870.7 1 0
github.com/hairglasses-studio/dotfiles-mcp/main.go:1871.6,1871.83 1 0
github.com/hairglasses-studio/dotfiles-mcp/main.go:1871.83,1873.21 2 0
github.com/hairglasses-studio/dotfiles-mcp/main.go:1873.21,1875.8 1 0
github.com/hairglasses-studio/dotfiles-mcp/main.go:1879.5,1882.32 3 0
github.com/hairglasses-studio/dotfiles-mcp/main.go:1882.32,1885.40 2 0
github.com/hairglasses-studio/dotfiles-mcp/main.go:1885.40,1887.7 1 0
github.com/hairglasses-studio/dotfiles-mcp/main.go:1888.6,1893.45 6 0
github.com/hairglasses-studio/dotfiles-mcp/main.go:1893.45,1895.7 1 0
github.com/hairglasses-studio/dotfiles-mcp/main.go:1898.6,1899.18 2 0
github.com/hairglasses-studio/dotfiles-mcp/main.go:1899.18,1900.34 1 0
github.com/hairglasses-studio/dotfiles-mcp/main.go:1900.34,1901.28 1 0
github.com/hairglasses-studio/dotfiles-mcp/main.go:1901.28,1903.14 2 0
github.com/hairglasses-studio/dotfiles-mcp/main.go:1907.6,1907.18 1 0
github.com/hairglasses-studio/dotfiles-mcp/main.go:1907.18,1909.15 2 0
github.com/hairglasses-studio/dotfiles-mcp/main.go:1912.6,1912.16 1 0
github.com/hairglasses-studio/dotfiles-mcp/main.go:1912.16,1920.15 2 0
github.com/hairglasses-studio/dotfiles-mcp/main.go:1924.6,1925.33 2 0
github.com/hairglasses-studio/dotfiles-mcp/main.go:1925.33,1927.12 2 0
github.com/hairglasses-studio/dotfiles-mcp/main.go:1927.12,1929.8 1 0
github.com/hairglasses-studio/dotfiles-mcp/main.go:1930.7,1930.43 1 0
github.com/hairglasses-studio/dotfiles-mcp/main.go:1932.6,1935.59 3 0
github.com/hairglasses-studio/dotfiles-mcp/main.go:1935.59,1937.7 1 0
github.com/hairglasses-studio/dotfiles-mcp/main.go:1937.12,1939.7 1 0
github.com/hairglasses-studio/dotfiles-mcp/main.go:1942.5,1942.55 1 0
github.com/hairglasses-studio/dotfiles-mcp/main.go:1950.79,1951.24 1 0
github.com/hairglasses-studio/dotfiles-mcp/main.go:1951.24,1953.6 1 0
github.com/hairglasses-studio/dotfiles-mcp/main.go:1955.5,1956.23 2 0
github.com/hairglasses-studio/dotfiles-mcp/main.go:1956.23,1958.6 1 0
github.com/hairglasses-studio/dotfiles-mcp/main.go:1961.5,1966.37 4 0
github.com/hairglasses-studio/dotfiles-mcp/main.go:1966.37,1968.6 1 0
github.com/hairglasses-studio/dotfiles-mcp/main.go:1970.5,1973.82 3 0
github.com/hairglasses-studio/dotfiles-mcp/main.go:1973.82,1975.20 2 0
github.com/hairglasses-studio/dotfiles-mcp/main.go:1975.20,1976.15 1 0
github.com/hairglasses-studio/dotfiles-mcp/main.go:1979.6,1980.69 2 0
github.com/hairglasses-studio/dotfiles-mcp/main.go:1980.69,1982.15 2 0
github.com/hairglasses-studio/dotfiles-mcp/main.go:1985.6,1985.16 1 0
github.com/hairglasses-studio/dotfiles-mcp/main.go:1985.16,1987.15 2 0
github.com/hairglasses-studio/dotfiles-mcp/main.go:1990.6,1991.59 2 0
github.com/hairglasses-studio/dotfiles-mcp/main.go:1991.59,1993.7 1 0
github.com/hairglasses-studio/dotfiles-mcp/main.go:1993.12,1995.7 1 0
github.com/hairglasses-studio/dotfiles-mcp/main.go:1998.5,1998.52 1 0
github.com/hairglasses-studio/dotfiles-mcp/main.go:2006.75,2008.23 2 0
github.com/hairglasses-studio/dotfiles-mcp/main.go:2008.23,2010.6 1 0
github.com/hairglasses-studio/dotfiles-mcp/main.go:2012.5,2013.19 2 0
github.com/hairglasses-studio/dotfiles-mcp/main.go:2013.19,2015.6 1 0
github.com/hairglasses-studio/dotfiles-mcp/main.go:2017.5,2020.31 3 0
github.com/hairglasses-studio/dotfiles-mcp/main.go:2020.31,2021.20 1 0
github.com/hairglasses-studio/dotfiles-mcp/main.go:2021.20,2022.15 1 0
github.com/hairglasses-studio/dotfiles-mcp/main.go:2025.6,2027.47 3 0
github.com/hairglasses-studio/dotfiles-mcp/main.go:2027.47,2028.15 1 0
github.com/hairglasses-studio/dotfiles-mcp/main.go:2030.6,2035.42 4 0
github.com/hairglasses-studio/dotfiles-mcp/main.go:2035.42,2038.15 3 0
github.com/hairglasses-studio/dotfiles-mcp/main.go:2042.6,2042.26 1 0
github.com/hairglasses-studio/dotfiles-mcp/main.go:2042.26,2048.54 6 0
github.com/hairglasses-studio/dotfiles-mcp/main.go:2048.54,2051.16 3 0
github.com/hairglasses-studio/dotfiles-mcp/main.go:2055.6,2056.25 2 0
github.com/hairglasses-studio/dotfiles-mcp/main.go:2056.25,2058.7 1 0
github.com/hairglasses-studio/dotfiles-mcp/main.go:2058.12,2060.7 1 0
github.com/hairglasses-studio/dotfiles-mcp/main.go:2061.6,2065.20 4 0
github.com/hairglasses-studio/dotfiles-mcp/main.go:2065.20,2068.7 2 0
github.com/hairglasses-studio/dotfiles-mcp/main.go:2068.12,2068.150 1 0
github.com/hairglasses-studio/dotfiles-mcp/main.go:2068.150,2070.7 1 0
github.com/hairglasses-studio/dotfiles-mcp/main.go:2070.12,2073.7 2 0
github.com/hairglasses-studio/dotfiles-mcp/main.go:2076.5,2084.11 1 0
github.com/hairglasses-studio/dotfiles-mcp/main.go:2092.81,2093.24 1 0
github.com/hairglasses-studio/dotfiles-mcp/main.go:2093.24,2095.6 1 0
github.com/hairglasses-studio/dotfiles-mcp/main.go:2097.5,2098.23 2 0
github.com/hairglasses-studio/dotfiles-mcp/main.go:2098.23,2100.6 1 0
github.com/hairglasses-studio/dotfiles-mcp/main.go:2103.5,2108.37 4 0
github.com/hairglasses-studio/dotfiles-mcp/main.go:2108.37,2110.6 1 0
github.com/hairglasses-studio/dotfiles-mcp/main.go:2112.5,2113.82 2 0
github.com/hairglasses-studio/dotfiles-mcp/main.go:2113.82,2115.20 2 0
github.com/hairglasses-studio/dotfiles-mcp/main.go:2115.20,2117.7 1 0
github.com/hairglasses-studio/dotfiles-mcp/main.go:2120.5,2121.19 2 0
github.com/hairglasses-studio/dotfiles-mcp/main.go:2121.19,2123.6 1 0
github.com/hairglasses-studio/dotfiles-mcp/main.go:2125.5,2128.31 3 0
github.com/hairglasses-studio/dotfiles-mcp/main.go:2128.31,2129.20 1 0
github.com/hairglasses-studio/dotfiles-mcp/main.go:2129.20,2130.15 1 0
github.com/hairglasses-studio/dotfiles-mcp/main.go:2133.6,2136.47 4 0
github.com/hairglasses-studio/dotfiles-mcp/main.go:2136.47,2137.15 1 0
github.com/hairglasses-studio/dotfiles-mcp/main.go:2140.6,2140.24 1 0
github.com/hairglasses-studio/dotfiles-mcp/main.go:2140.24,2141.15 1 0
github.com/hairglasses-studio/dotfiles-mcp/main.go:2145.6,2150.53 6 0
github.com/hairglasses-studio/dotfiles-mcp/main.go:2150.53,2152.15 2 0
github.com/hairglasses-studio/dotfiles-mcp/main.go:2156.6,2162.29 7 0
github.com/hairglasses-studio/dotfiles-mcp/main.go:2162.29,2165.15 3 0
github.com/hairglasses-studio/dotfiles-mcp/main.go:2168.6,2168.16 1 0
github.com/hairglasses-studio/dotfiles-mcp/main.go:2168.16,2170.7 1 0
github.com/hairglasses-studio/dotfiles-mcp/main.go:2170.12,2171.52 1 0
github.com/hairglasses-studio/dotfiles-mcp/main.go:2171.52,2173.8 1 0
github.com/hairglasses-studio/dotfiles-mcp/main.go:2173.13,2175.8 1 0
github.com/hairglasses-studio/dotfiles-mcp/main.go:2179.5,2179.53 1 0
github.com/hairglasses-studio/dotfiles-mcp/main.go:2187.77,2188.24 1 0
github.com/hairglasses-studio/dotfiles-mcp/main.go:2188.24,2190.6 1 0
github.com/hairglasses-studio/dotfiles-mcp/main.go:2192.5,2193.23 2 0
github.com/hairglasses-studio/dotfiles-mcp/main.go:2193.23,2195.6 1 0
github.com/hairglasses-studio/dotfiles-mcp/main.go:2197.5,2202.19 4 0
github.com/hairglasses-studio/dotfiles-mcp/main.go:2202.19,2204.6 1 0
github.com/hairglasses-studio/dotfiles-mcp/main.go:2206.5,2207.31 2 0
github.com/hairglasses-studio/dotfiles-mcp/main.go:2207.31,2208.20 1 0
github.com/hairglasses-studio/dotfiles-mcp/main.go:2208.20,2209.15 1 0
github.com/hairglasses-studio/dotfiles-mcp/main.go:2211.6,2213.47 3 0
github.com/hairglasses-studio/dotfiles-mcp/main.go:2213.47,2214.15 1 0
github.com/hairglasses-studio/dotfiles-mcp/main.go:2216.6,2221.42 4 0
github.com/hairglasses-studio/dotfiles-mcp/main.go:2221.42,2223.15 2 0
github.com/hairglasses-studio/dotfiles-mcp/main.go:2227.6,2232.53 6 0
github.com/hairglasses-studio/dotfiles-mcp/main.go:2232.53,2235.15 3 0
github.com/hairglasses-studio/dotfiles-mcp/main.go:2239.6,2243.20 5 0
github.com/hairglasses-studio/dotfiles-mcp/main.go:2243.20,2246.7 2 0
github.com/hairglasses-studio/dotfiles-mcp/main.go:2246.12,2246.113 1 0
github.com/hairglasses-studio/dotfiles-mcp/main.go:2246.113,2248.7 1 0
github.com/hairglasses-studio/dotfiles-mcp/main.go:2248.12,2251.7 2 0
github.com/hairglasses-studio/dotfiles-mcp/main.go:2255.5,2260.40 4 0
github.com/hairglasses-studio/dotfiles-mcp/main.go:2260.40,2262.6 1 0
github.com/hairglasses-studio/dotfiles-mcp/main.go:2264.5,2265.82 2 0
github.com/hairglasses-studio/dotfiles-mcp/main.go:2265.82,2267.20 2 0
github.com/hairglasses-studio/dotfiles-mcp/main.go:2267.20,2269.7 1 0
github.com/hairglasses-studio/dotfiles-mcp/main.go:2273.5,2273.32 1 0
github.com/hairglasses-studio/dotfiles-mcp/main.go:2273.32,2274.25 1 0
github.com/hairglasses-studio/dotfiles-mcp/main.go:2274.25,2275.15 1 0
github.com/hairglasses-studio/dotfiles-mcp/main.go:2278.6,2279.24 2 0
github.com/hairglasses-studio/dotfiles-mcp/main.go:2279.24,2281.15 2 0
github.com/hairglasses-studio/dotfiles-mcp/main.go:2284.6,2285.59 2 0
github.com/hairglasses-studio/dotfiles-mcp/main.go:2285.59,2288.7 2 0
github.com/hairglasses-studio/dotfiles-mcp/main.go:2288.12,2291.7 2 0
github.com/hairglasses-studio/dotfiles-mcp/main.go:2295.5,2295.33 1 0
github.com/hairglasses-studio/dotfiles-mcp/main.go:2295.33,2296.25 1 0
github.com/hairglasses-studio/dotfiles-mcp/main.go:2296.25,2299.7 2 0
github.com/hairglasses-studio/dotfiles-mcp/main.go:2302.5,2310.11 1 0
github.com/hairglasses-studio/dotfiles-mcp/main.go:2318.77,2319.25 1 0
github.com/hairglasses-studio/dotfiles-mcp/main.go:2319.25,2321.6 1 0
github.com/hairglasses-studio/dotfiles-mcp/main.go:2323.5,2324.29 2 0
github.com/hairglasses-studio/dotfiles-mcp/main.go:2324.29,2326.6 1 0
github.com/hairglasses-studio/dotfiles-mcp/main.go:2327.5,2327.22 1 0
github.com/hairglasses-studio/dotfiles-mcp/main.go:2327.22,2329.6 1 0
github.com/hairglasses-studio/dotfiles-mcp/main.go:2331.5,2339.19 8 0
github.com/hairglasses-studio/dotfiles-mcp/main.go:2339.19,2341.6 1 0
github.com/hairglasses-studio/dotfiles-mcp/main.go:2343.5,2348.11 2 0
github.com/hairglasses-studio/dotfiles-mcp/main.go:2356.77,2358.23 2 0
github.com/hairglasses-studio/dotfiles-mcp/main.go:2358.23,2360.6 1 0
github.com/hairglasses-studio/dotfiles-mcp/main.go:2362.5,2363.19 2 0
github.com/hairglasses-studio/dotfiles-mcp/main.go:2363.19,2365.6 1 0
github.com/hairglasses-studio/dotfiles-mcp/main.go:2367.5,2370.31 3 0
github.com/hairglasses-studio/dotfiles-mcp/main.go:2370.31,2371.20 1 0
github.com/hairglasses-studio/dotfiles-mcp/main.go:2371.20,2372.15 1 0
github.com/hairglasses-studio/dotfiles-mcp/main.go:2374.6,2376.47 3 0
github.com/hairglasses-studio/dotfiles-mcp/main.go:2376.47,2377.15 1 0
github.com/hairglasses-studio/dotfiles-mcp/main.go:2379.6,2384.74 3 0
github.com/hairglasses-studio/dotfiles-mcp/main.go:2384.74,2391.32 6 0
github.com/hairglasses-studio/dotfiles-mcp/main.go:2391.32,2393.27 2 0
github.com/hairglasses-studio/dotfiles-mcp/main.go:2393.27,2395.9 1 0
github.com/hairglasses-studio/dotfiles-mcp/main.go:2397.12,2397.87 1 0
github.com/hairglasses-studio/dotfiles-mcp/main.go:2397.87,2399.7 1 0
github.com/hairglasses-studio/dotfiles-mcp/main.go:2399.12,2399.89 1 0
github.com/hairglasses-studio/dotfiles-mcp/main.go:2399.89,2401.7 1 0
github.com/hairglasses-studio/dotfiles-mcp/main.go:2401.12,2403.7 1 0
github.com/hairglasses-studio/dotfiles-mcp/main.go:2406.6,2410.29 5 0
github.com/hairglasses-studio/dotfiles-mcp/main.go:2410.29,2412.19 2 0
github.com/hairglasses-studio/dotfiles-mcp/main.go:2412.19,2422.8 9 0
github.com/hairglasses-studio/dotfiles-mcp/main.go:2426.6,2431.34 6 0
github.com/hairglasses-studio/dotfiles-mcp/main.go:2431.34,2434.60 3 0
github.com/hairglasses-studio/dotfiles-mcp/main.go:2434.60,2438.22 4 0
github.com/hairglasses-studio/dotfiles-mcp/main.go:2438.22,2440.9 1 0
github.com/hairglasses-studio/dotfiles-mcp/main.go:2443.6,2447.28 5 0
github.com/hairglasses-studio/dotfiles-mcp/main.go:2447.28,2449.25 2 0
github.com/hairglasses-studio/dotfiles-mcp/main.go:2450.22,2452.17 2 0
github.com/hairglasses-studio/dotfiles-mcp/main.go:2453.22,2455.17 2 0
github.com/hairglasses-studio/dotfiles-mcp/main.go:2456.15,2457.30 1 0
github.com/hairglasses-studio/dotfiles-mcp/main.go:2458.15,2459.34 1 0
github.com/hairglasses-studio/dotfiles-mcp/main.go:2461.12,2463.7 1 0
github.com/hairglasses-studio/dotfiles-mcp/main.go:2466.6,2467.27 2 0
github.com/hairglasses-studio/dotfiles-mcp/main.go:2468.16,2474.73 6 0
github.com/hairglasses-studio/dotfiles-mcp/main.go:2475.18,2481.73 6 0
github.com/hairglasses-studio/dotfiles-mcp/main.go:2482.20,2488.73 6 0
github.com/hairglasses-studio/dotfiles-mcp/main.go:2490.6,2493.79 2 0
github.com/hairglasses-studio/dotfiles-mcp/main.go:2493.79,2495.7 1 0
github.com/hairglasses-studio/dotfiles-mcp/main.go:2495.12,2499.7 2 0
github.com/hairglasses-studio/dotfiles-mcp/main.go:2502.6,2509.33 5 0
github.com/hairglasses-studio/dotfiles-mcp/main.go:2512.5,2518.11 1 0
github.com/hairglasses-studio/dotfiles-mcp/main.go:2526.83,2528.27 2 0
github.com/hairglasses-studio/dotfiles-mcp/main.go:2528.27,2530.6 1 0
github.com/hairglasses-studio/dotfiles-mcp/main.go:2532.5,2534.34 2 0
github.com/hairglasses-studio/dotfiles-mcp/main.go:2534.34,2536.13 2 0
github.com/hairglasses-studio/dotfiles-mcp/main.go:2536.13,2538.15 2 0
github.com/hairglasses-studio/dotfiles-mcp/main.go:2541.6,2543.20 3 0
github.com/hairglasses-studio/dotfiles-mcp/main.go:2543.20,2549.15 2 0
github.com/hairglasses-studio/dotfiles-mcp/main.go:2553.6,2554.17 2 0
github.com/hairglasses-studio/dotfiles-mcp/main.go:2555.22,2559.32 4 0
github.com/hairglasses-studio/dotfiles-mcp/main.go:2559.32,2562.8 2 0
github.com/hairglasses-studio/dotfiles-mcp/main.go:2563.17,2565.38 2 0
github.com/hairglasses-studio/dotfiles-mcp/main.go:2566.14,2567.21 1 0
github.com/hairglasses-studio/dotfiles-mcp/main.go:2570.6,2570.17 1 0
github.com/hairglasses-studio/dotfiles-mcp/main.go:2570.17,2572.7 1 0
github.com/hairglasses-studio/dotfiles-mcp/main.go:2572.12,2574.7 1 0
github.com/hairglasses-studio/dotfiles-mcp/main.go:2577.5,2577.54 1 0
github.com/hairglasses-studio/dotfiles-mcp/main.go:2585.75,2587.20 2 1
github.com/hairglasses-studio/dotfiles-mcp/main.go:2587.20,2589.6 1 0
github.com/hairglasses-studio/dotfiles-mcp/main.go:2591.5,2595.55 3 1
github.com/hairglasses-studio/dotfiles-mcp/main.go:2595.55,2597.6 1 0
github.com/hairglasses-studio/dotfiles-mcp/main.go:2597.11,2597.43 1 1
github.com/hairglasses-studio/dotfiles-mcp/main.go:2597.43,2599.6 1 0
github.com/hairglasses-studio/dotfiles-mcp/main.go:2599.11,2601.6 1 1
github.com/hairglasses-studio/dotfiles-mcp/main.go:2604.5,2608.31 5 1
github.com/hairglasses-studio/dotfiles-mcp/main.go:2608.31,2611.38 3 1
github.com/hairglasses-studio/dotfiles-mcp/main.go:2611.38,2613.7 1 1
github.com/hairglasses-studio/dotfiles-mcp/main.go:2613.12,2615.7 1 0
github.com/hairglasses-studio/dotfiles-mcp/main.go:2616.11,2618.6 1 0
github.com/hairglasses-studio/dotfiles-mcp/main.go:2621.5,2621.61 1 1
github.com/hairglasses-studio/dotfiles-mcp/main.go:2621.61,2623.57 2 0
github.com/hairglasses-studio/dotfiles-mcp/main.go:2623.57,2625.7 1 0
github.com/hairglasses-studio/dotfiles-mcp/main.go:2625.12,2627.7 1 0
github.com/hairglasses-studio/dotfiles-mcp/main.go:2628.11,2630.6 1 1
github.com/hairglasses-studio/dotfiles-mcp/main.go:2633.5,2634.39 2 1
github.com/hairglasses-studio/dotfiles-mcp/main.go:2634.39,2637.31 3 1
github.com/hairglasses-studio/dotfiles-mcp/main.go:2637.31,2639.7 1 0
github.com/hairglasses-studio/dotfiles-mcp/main.go:2640.6,2640.98 1 1
github.com/hairglasses-studio/dotfiles-mcp/main.go:2644.5,2644.24 1 1
github.com/hairglasses-studio/dotfiles-mcp/main.go:2644.24,2659.39 3 0
github.com/hairglasses-studio/dotfiles-mcp/main.go:2659.39,2665.66 5 0
github.com/hairglasses-studio/dotfiles-mcp/main.go:2665.66,2667.22 2 0
github.com/hairglasses-studio/dotfiles-mcp/main.go:2667.22,2668.17 1 0
github.com/hairglasses-studio/dotfiles-mcp/main.go:2671.8,2671.39 1 0
github.com/hairglasses-studio/dotfiles-mcp/main.go:2671.39,2672.46 1 0
github.com/hairglasses-studio/dotfiles-mcp/main.go:2672.46,2675.32 3 0
github.com/hairglasses-studio/dotfiles-mcp/main.go:2675.32,2676.66 1 0
github.com/hairglasses-studio/dotfiles-mcp/main.go:2676.66,2678.17 2 0
github.com/hairglasses-studio/dotfiles-mcp/main.go:2681.10,2681.42 1 0
github.com/hairglasses-studio/dotfiles-mcp/main.go:2681.42,2685.30 4 0
github.com/hairglasses-studio/dotfiles-mcp/main.go:2685.30,2688.12 2 0
github.com/hairglasses-studio/dotfiles-mcp/main.go:2689.11,2693.13 1 0
github.com/hairglasses-studio/dotfiles-mcp/main.go:2701.5,2701.23 1 1
github.com/hairglasses-studio/dotfiles-mcp/main.go:2709.81,2711.23 2 0
github.com/hairglasses-studio/dotfiles-mcp/main.go:2711.23,2713.6 1 0
github.com/hairglasses-studio/dotfiles-mcp/main.go:2715.5,2719.24 3 0
github.com/hairglasses-studio/dotfiles-mcp/main.go:2719.24,2721.20 2 0
github.com/hairglasses-studio/dotfiles-mcp/main.go:2721.20,2723.7 1 0
github.com/hairglasses-studio/dotfiles-mcp/main.go:2724.6,2724.32 1 0
github.com/hairglasses-studio/dotfiles-mcp/main.go:2724.32,2725.21 1 0
github.com/hairglasses-studio/dotfiles-mcp/main.go:2725.21,2726.16 1 0
github.com/hairglasses-studio/dotfiles-mcp/main.go:2728.7,2730.29 2 0
github.com/hairglasses-studio/dotfiles-mcp/main.go:2731.17,2732.76 1 0
github.com/hairglasses-studio/dotfiles-mcp/main.go:2732.76,2733.17 1 0
github.com/hairglasses-studio/dotfiles-mcp/main.go:2735.19,2736.82 1 0
github.com/hairglasses-studio/dotfiles-mcp/main.go:2736.82,2737.17 1 0
github.com/hairglasses-studio/dotfiles-mcp/main.go:2739.21,2740.84 1 0
github.com/hairglasses-studio/dotfiles-mcp/main.go:2740.84,2741.17 1 0
github.com/hairglasses-studio/dotfiles-mcp/main.go:2743.15,2746.96 2 0
github.com/hairglasses-studio/dotfiles-mcp/main.go:2746.96,2747.75 1 0
github.com/hairglasses-studio/dotfiles-mcp/main.go:2747.75,2749.15 2 0
github.com/hairglasses-studio/dotfiles-mcp/main.go:2752.8,2752.20 1 0
github.com/hairglasses-studio/dotfiles-mcp/main.go:2752.20,2753.17 1 0
github.com/hairglasses-studio/dotfiles-mcp/main.go:2756.7,2756.38 1 0
github.com/hairglasses-studio/dotfiles-mcp/main.go:2760.5,2763.32 3 0
github.com/hairglasses-studio/dotfiles-mcp/main.go:2763.32,2766.25 3 0
github.com/hairglasses-studio/dotfiles-mcp/main.go:2766.25,2768.7 1 0
github.com/hairglasses-studio/dotfiles-mcp/main.go:2769.6,2769.24 1 0
github.com/hairglasses-studio/dotfiles-mcp/main.go:2769.24,2771.7 1 0
github.com/hairglasses-studio/dotfiles-mcp/main.go:2773.6,2780.20 7 0
github.com/hairglasses-studio/dotfiles-mcp/main.go:2780.20,2782.51 2 0
github.com/hairglasses-studio/dotfiles-mcp/main.go:2782.51,2784.8 1 0
github.com/hairglasses-studio/dotfiles-mcp/main.go:2785.7,2785.23 1 0
github.com/hairglasses-studio/dotfiles-mcp/main.go:2786.14,2787.29 1 0
github.com/hairglasses-studio/dotfiles-mcp/main.go:2788.14,2789.28 1 0
github.com/hairglasses-studio/dotfiles-mcp/main.go:2790.14,2791.27 1 0
github.com/hairglasses-studio/dotfiles-mcp/main.go:2792.15,2793.23 1 0
github.com/hairglasses-studio/dotfiles-mcp/main.go:2795.7,2795.15 1 0
github.com/hairglasses-studio/dotfiles-mcp/main.go:2796.12,2798.7 1 0
github.com/hairglasses-studio/dotfiles-mcp/main.go:2800.6,2804.8 1 0
github.com/hairglasses-studio/dotfiles-mcp/main.go:2807.5,2812.11 1 0
github.com/hairglasses-studio/dotfiles-mcp/main.go:2820.91,2822.23 2 0
github.com/hairglasses-studio/dotfiles-mcp/main.go:2822.23,2824.6 1 0
github.com/hairglasses-studio/dotfiles-mcp/main.go:2826.5,2831.35 4 0
github.com/hairglasses-studio/dotfiles-mcp/main.go:2831.35,2836.30 5 0
github.com/hairglasses-studio/dotfiles-mcp/main.go:2836.30,2839.27 3 0
github.com/hairglasses-studio/dotfiles-mcp/main.go:2839.27,2841.13 2 0
github.com/hairglasses-studio/dotfiles-mcp/main.go:2847.5,2851.29 5 0
github.com/hairglasses-studio/dotfiles-mcp/main.go:2851.29,2853.25 2 0
github.com/hairglasses-studio/dotfiles-mcp/main.go:2853.25,2855.7 1 0
github.com/hairglasses-studio/dotfiles-mcp/main.go:2858.5,2860.35 2 0
github.com/hairglasses-studio/dotfiles-mcp/main.go:2860.35,2864.50 3 0
github.com/hairglasses-studio/dotfiles-mcp/main.go:2864.50,2866.15 2 0
github.com/hairglasses-studio/dotfiles-mcp/main.go:2870.6,2874.30 5 0
github.com/hairglasses-studio/dotfiles-mcp/main.go:2874.30,2877.39 2 0
github.com/hairglasses-studio/dotfiles-mcp/main.go:2877.39,2879.16 2 0
github.com/hairglasses-studio/dotfiles-mcp/main.go:2881.7,2882.27 2 0
github.com/hairglasses-studio/dotfiles-mcp/main.go:2882.27,2884.8 1 0
github.com/hairglasses-studio/dotfiles-mcp/main.go:2885.12,2887.15 2 0
github.com/hairglasses-studio/dotfiles-mcp/main.go:2890.6,2890.41 1 0
github.com/hairglasses-studio/dotfiles-mcp/main.go:2890.41,2892.15 2 0
github.com/hairglasses-studio/dotfiles-mcp/main.go:2895.6,2895.16 1 0
github.com/hairglasses-studio/dotfiles-mcp/main.go:2895.16,2903.15 2 0
github.com/hairglasses-studio/dotfiles-mcp/main.go:2907.6,2909.57 3 0
github.com/hairglasses-studio/dotfiles-mcp/main.go:2909.57,2911.15 2 0
github.com/hairglasses-studio/dotfiles-mcp/main.go:2915.6,2924.8 4 0
github.com/hairglasses-studio/dotfiles-mcp/main.go:2927.5,2930.11 1 0
github.com/hairglasses-studio/dotfiles-mcp/main.go:2940.13,2946.57 2 0
github.com/hairglasses-studio/dotfiles-mcp/main.go:2946.57,2947.46 1 0
github.com/hairglasses-studio/dotfiles-mcp/main.go:2947.46,2950.4 2 0
github.com/hairglasses-studio/dotfiles-mcp/main.go:2951.3,2951.9 1 0
github.com/hairglasses-studio/dotfiles-mcp/main.go:2954.2,2965.46 5 0
github.com/hairglasses-studio/dotfiles-mcp/main.go:2965.46,2968.3 2 0
github.com/hairglasses-studio/dotfiles-mcp/mapping_helpers.go:7.69,9.2 1 0
github.com/hairglasses-studio/dotfiles-mcp/mod_claude_session.go:28.25,31.2 2 1
github.com/hairglasses-studio/dotfiles-mcp/mod_claude_session.go:34.35,35.14 1 1
github.com/hairglasses-studio/dotfiles-mcp/mod_claude_session.go:35.14,37.3 1 1
github.com/hairglasses-studio/dotfiles-mcp/mod_claude_session.go:38.2,38.36 1 1
github.com/hairglasses-studio/dotfiles-mcp/mod_claude_session.go:42.59,43.13 1 1
github.com/hairglasses-studio/dotfiles-mcp/mod_claude_session.go:43.13,45.3 1 1
github.com/hairglasses-studio/dotfiles-mcp/mod_claude_session.go:47.2,47.31 1 1
github.com/hairglasses-studio/dotfiles-mcp/mod_claude_session.go:47.31,50.55 3 1
github.com/hairglasses-studio/dotfiles-mcp/mod_claude_session.go:50.55,52.4 1 1
github.com/hairglasses-studio/dotfiles-mcp/mod_claude_session.go:53.3,53.51 1 1
github.com/hairglasses-studio/dotfiles-mcp/mod_claude_session.go:55.2,55.30 1 1
github.com/hairglasses-studio/dotfiles-mcp/mod_claude_session.go:60.41,62.2 1 1
github.com/hairglasses-studio/dotfiles-mcp/mod_claude_session.go:66.66,68.16 2 1
github.com/hairglasses-studio/dotfiles-mcp/mod_claude_session.go:68.16,70.3 1 0
github.com/hairglasses-studio/dotfiles-mcp/mod_claude_session.go:71.2,77.21 5 1
github.com/hairglasses-studio/dotfiles-mcp/mod_claude_session.go:77.21,79.17 2 1
github.com/hairglasses-studio/dotfiles-mcp/mod_claude_session.go:79.17,81.4 1 1
github.com/hairglasses-studio/dotfiles-mcp/mod_claude_session.go:83.2,83.38 1 1
github.com/hairglasses-studio/dotfiles-mcp/mod_claude_session.go:83.38,85.3 1 0
github.com/hairglasses-studio/dotfiles-mcp/mod_claude_session.go:88.2,89.20 2 1
github.com/hairglasses-studio/dotfiles-mcp/mod_claude_session.go:89.20,91.3 1 1
github.com/hairglasses-studio/dotfiles-mcp/mod_claude_session.go:92.2,95.29 3 1
github.com/hairglasses-studio/dotfiles-mcp/mod_claude_session.go:95.29,97.62 2 1
github.com/hairglasses-studio/dotfiles-mcp/mod_claude_session.go:97.62,98.12 1 1
github.com/hairglasses-studio/dotfiles-mcp/mod_claude_session.go:100.3,100.35 1 1
github.com/hairglasses-studio/dotfiles-mcp/mod_claude_session.go:102.2,102.21 1 1
github.com/hairglasses-studio/dotfiles-mcp/mod_claude_session.go:106.58,108.16 2 1
github.com/hairglasses-studio/dotfiles-mcp/mod_claude_session.go:108.16,110.3 1 1
github.com/hairglasses-studio/dotfiles-mcp/mod_claude_session.go:111.2,116.21 5 1
github.com/hairglasses-studio/dotfiles-mcp/mod_claude_session.go:116.21,118.17 2 1
github.com/hairglasses-studio/dotfiles-mcp/mod_claude_session.go:118.17,119.12 1 0
github.com/hairglasses-studio/dotfiles-mcp/mod_claude_session.go:121.3,122.62 2 1
github.com/hairglasses-studio/dotfiles-mcp/mod_claude_session.go:122.62,123.12 1 0
github.com/hairglasses-studio/dotfiles-mcp/mod_claude_session.go:125.3,125.35 1 1
github.com/hairglasses-studio/dotfiles-mcp/mod_claude_session.go:127.2,127.21 1 1
github.com/hairglasses-studio/dotfiles-mcp/mod_claude_session.go:131.62,138.16 6 1
github.com/hairglasses-studio/dotfiles-mcp/mod_claude_session.go:138.16,139.47 1 1
github.com/hairglasses-studio/dotfiles-mcp/mod_claude_session.go:139.47,141.4 1 1
github.com/hairglasses-studio/dotfiles-mcp/mod_claude_session.go:142.3,142.26 1 0
github.com/hairglasses-studio/dotfiles-mcp/mod_claude_session.go:144.2,144.50 1 1
github.com/hairglasses-studio/dotfiles-mcp/mod_claude_session.go:148.37,150.2 1 1
github.com/hairglasses-studio/dotfiles-mcp/mod_claude_session.go:153.37,154.13 1 1
github.com/hairglasses-studio/dotfiles-mcp/mod_claude_session.go:154.13,156.3 1 1
github.com/hairglasses-studio/dotfiles-mcp/mod_claude_session.go:157.2,157.42 1 1
github.com/hairglasses-studio/dotfiles-mcp/mod_claude_session.go:175.56,178.16 3 1
github.com/hairglasses-studio/dotfiles-mcp/mod_claude_session.go:178.16,179.25 1 0
github.com/hairglasses-studio/dotfiles-mcp/mod_claude_session.go:179.25,181.4 1 0
github.com/hairglasses-studio/dotfiles-mcp/mod_claude_session.go:182.3,182.18 1 0
github.com/hairglasses-studio/dotfiles-mcp/mod_claude_session.go:185.2,186.28 2 1
github.com/hairglasses-studio/dotfiles-mcp/mod_claude_session.go:186.28,187.57 1 1
github.com/hairglasses-studio/dotfiles-mcp/mod_claude_session.go:187.57,188.12 1 0
github.com/hairglasses-studio/dotfiles-mcp/mod_claude_session.go:190.3,191.17 2 1
github.com/hairglasses-studio/dotfiles-mcp/mod_claude_session.go:191.17,192.12 1 0
github.com/hairglasses-studio/dotfiles-mcp/mod_claude_session.go:194.3,195.53 2 1
github.com/hairglasses-studio/dotfiles-mcp/mod_claude_session.go:195.53,196.12 1 0
github.com/hairglasses-studio/dotfiles-mcp/mod_claude_session.go:198.3,198.36 1 1
github.com/hairglasses-studio/dotfiles-mcp/mod_claude_session.go:200.2,200.22 1 1
github.com/hairglasses-studio/dotfiles-mcp/mod_claude_session.go:204.74,207.16 3 1
github.com/hairglasses-studio/dotfiles-mcp/mod_claude_session.go:207.16,208.25 1 0
github.com/hairglasses-studio/dotfiles-mcp/mod_claude_session.go:208.25,210.4 1 0
github.com/hairglasses-studio/dotfiles-mcp/mod_claude_session.go:211.3,211.23 1 0
github.com/hairglasses-studio/dotfiles-mcp/mod_claude_session.go:214.2,216.32 3 1
github.com/hairglasses-studio/dotfiles-mcp/mod_claude_session.go:216.32,218.16 2 1
github.com/hairglasses-studio/dotfiles-mcp/mod_claude_session.go:218.16,219.12 1 0
github.com/hairglasses-studio/dotfiles-mcp/mod_claude_session.go:221.3,222.13 2 1
github.com/hairglasses-studio/dotfiles-mcp/mod_claude_session.go:222.13,224.34 2 1
github.com/hairglasses-studio/dotfiles-mcp/mod_claude_session.go:224.34,226.5 1 1
github.com/hairglasses-studio/dotfiles-mcp/mod_claude_session.go:228.3,228.45 1 1
github.com/hairglasses-studio/dotfiles-mcp/mod_claude_session.go:228.45,230.4 1 1
github.com/hairglasses-studio/dotfiles-mcp/mod_claude_session.go:232.2,232.39 1 1
github.com/hairglasses-studio/dotfiles-mcp/mod_claude_session.go:236.43,238.2 1 1
github.com/hairglasses-studio/dotfiles-mcp/mod_claude_session.go:241.47,244.59 3 1
github.com/hairglasses-studio/dotfiles-mcp/mod_claude_session.go:244.59,246.3 1 0
github.com/hairglasses-studio/dotfiles-mcp/mod_claude_session.go:247.2,247.11 1 1
github.com/hairglasses-studio/dotfiles-mcp/mod_claude_session.go:251.60,254.43 2 0
github.com/hairglasses-studio/dotfiles-mcp/mod_claude_session.go:254.43,256.3 1 0
github.com/hairglasses-studio/dotfiles-mcp/mod_claude_session.go:258.2,259.43 2 0
github.com/hairglasses-studio/dotfiles-mcp/mod_claude_session.go:259.43,261.3 1 0
github.com/hairglasses-studio/dotfiles-mcp/mod_claude_session.go:262.2,262.11 1 0
github.com/hairglasses-studio/dotfiles-mcp/mod_claude_session.go:266.64,269.16 3 1
github.com/hairglasses-studio/dotfiles-mcp/mod_claude_session.go:269.16,270.25 1 1
github.com/hairglasses-studio/dotfiles-mcp/mod_claude_session.go:270.25,272.4 1 1
github.com/hairglasses-studio/dotfiles-mcp/mod_claude_session.go:273.3,273.18 1 0
github.com/hairglasses-studio/dotfiles-mcp/mod_claude_session.go:276.2,277.28 2 1
github.com/hairglasses-studio/dotfiles-mcp/mod_claude_session.go:277.28,278.57 1 1
github.com/hairglasses-studio/dotfiles-mcp/mod_claude_session.go:278.57,279.12 1 0
github.com/hairglasses-studio/dotfiles-mcp/mod_claude_session.go:281.3,282.17 2 1
github.com/hairglasses-studio/dotfiles-mcp/mod_claude_session.go:282.17,283.12 1 0
github.com/hairglasses-studio/dotfiles-mcp/mod_claude_session.go:285.3,286.53 2 1
github.com/hairglasses-studio/dotfiles-mcp/mod_claude_session.go:286.53,287.12 1 0
github.com/hairglasses-studio/dotfiles-mcp/mod_claude_session.go:289.3,289.30 1 1
github.com/hairglasses-studio/dotfiles-mcp/mod_claude_session.go:291.2,291.19 1 1
github.com/hairglasses-studio/dotfiles-mcp/mod_claude_session.go:295.54,298.16 3 0
github.com/hairglasses-studio/dotfiles-mcp/mod_claude_session.go:298.16,300.3 1 0
github.com/hairglasses-studio/dotfiles-mcp/mod_claude_session.go:301.2,301.28 1 0
github.com/hairglasses-studio/dotfiles-mcp/mod_claude_session.go:301.28,302.55 1 0
github.com/hairglasses-studio/dotfiles-mcp/mod_claude_session.go:302.55,303.12 1 0
github.com/hairglasses-studio/dotfiles-mcp/mod_claude_session.go:305.3,307.17 3 0
github.com/hairglasses-studio/dotfiles-mcp/mod_claude_session.go:307.17,308.12 1 0
github.com/hairglasses-studio/dotfiles-mcp/mod_claude_session.go:310.3,310.48 1 0
github.com/hairglasses-studio/dotfiles-mcp/mod_claude_session.go:310.48,312.4 1 0
github.com/hairglasses-studio/dotfiles-mcp/mod_claude_session.go:314.2,314.11 1 0
github.com/hairglasses-studio/dotfiles-mcp/mod_claude_session.go:318.62,320.21 2 0
github.com/hairglasses-studio/dotfiles-mcp/mod_claude_session.go:320.21,322.3 1 0
github.com/hairglasses-studio/dotfiles-mcp/mod_claude_session.go:324.2,325.16 2 0
github.com/hairglasses-studio/dotfiles-mcp/mod_claude_session.go:325.16,327.3 1 0
github.com/hairglasses-studio/dotfiles-mcp/mod_claude_session.go:328.2,328.41 1 0
github.com/hairglasses-studio/dotfiles-mcp/mod_claude_session.go:328.41,333.36 4 0
github.com/hairglasses-studio/dotfiles-mcp/mod_claude_session.go:333.36,336.16 2 0
github.com/hairglasses-studio/dotfiles-mcp/mod_claude_session.go:336.16,339.19 3 0
github.com/hairglasses-studio/dotfiles-mcp/mod_claude_session.go:339.19,341.40 2 0
github.com/hairglasses-studio/dotfiles-mcp/mod_claude_session.go:341.40,343.7 1 0
github.com/hairglasses-studio/dotfiles-mcp/mod_claude_session.go:348.2,348.11 1 0
github.com/hairglasses-studio/dotfiles-mcp/mod_claude_session.go:352.56,355.16 3 0
github.com/hairglasses-studio/dotfiles-mcp/mod_claude_session.go:355.16,357.3 1 0
github.com/hairglasses-studio/dotfiles-mcp/mod_claude_session.go:358.2,359.28 2 0
github.com/hairglasses-studio/dotfiles-mcp/mod_claude_session.go:359.28,360.82 1 0
github.com/hairglasses-studio/dotfiles-mcp/mod_claude_session.go:360.82,361.12 1 0
github.com/hairglasses-studio/dotfiles-mcp/mod_claude_session.go:363.3,364.17 2 0
github.com/hairglasses-studio/dotfiles-mcp/mod_claude_session.go:364.17,365.12 1 0
github.com/hairglasses-studio/dotfiles-mcp/mod_claude_session.go:367.3,370.5 1 0
github.com/hairglasses-studio/dotfiles-mcp/mod_claude_session.go:372.2,372.14 1 0
github.com/hairglasses-studio/dotfiles-mcp/mod_claude_session.go:805.72,807.16 2 1
github.com/hairglasses-studio/dotfiles-mcp/mod_claude_session.go:807.16,809.3 1 0
github.com/hairglasses-studio/dotfiles-mcp/mod_claude_session.go:811.2,812.16 2 1
github.com/hairglasses-studio/dotfiles-mcp/mod_claude_session.go:812.16,814.3 1 0
github.com/hairglasses-studio/dotfiles-mcp/mod_claude_session.go:816.2,817.19 2 1
github.com/hairglasses-studio/dotfiles-mcp/mod_claude_session.go:817.19,819.3 1 1
github.com/hairglasses-studio/dotfiles-mcp/mod_claude_session.go:821.2,822.26 2 1
github.com/hairglasses-studio/dotfiles-mcp/mod_claude_session.go:822.26,825.18 3 1
github.com/hairglasses-studio/dotfiles-mcp/mod_claude_session.go:825.18,827.4 1 1
github.com/hairglasses-studio/dotfiles-mcp/mod_claude_session.go:830.3,830.72 1 1
github.com/hairglasses-studio/dotfiles-mcp/mod_claude_session.go:830.72,831.12 1 0
github.com/hairglasses-studio/dotfiles-mcp/mod_claude_session.go:834.3,835.28 2 1
github.com/hairglasses-studio/dotfiles-mcp/mod_claude_session.go:835.28,837.4 1 0
github.com/hairglasses-studio/dotfiles-mcp/mod_claude_session.go:839.3,848.5 1 1
github.com/hairglasses-studio/dotfiles-mcp/mod_claude_session.go:852.2,852.42 1 1
github.com/hairglasses-studio/dotfiles-mcp/mod_claude_session.go:852.42,854.3 1 1
github.com/hairglasses-studio/dotfiles-mcp/mod_claude_session.go:856.2,856.21 1 1
github.com/hairglasses-studio/dotfiles-mcp/mod_claude_session.go:860.63,867.68 2 1
github.com/hairglasses-studio/dotfiles-mcp/mod_claude_session.go:867.68,870.3 2 1
github.com/hairglasses-studio/dotfiles-mcp/mod_claude_session.go:871.2,874.77 2 1
github.com/hairglasses-studio/dotfiles-mcp/mod_claude_session.go:874.77,876.3 1 1
github.com/hairglasses-studio/dotfiles-mcp/mod_claude_session.go:879.2,879.104 1 1
github.com/hairglasses-studio/dotfiles-mcp/mod_claude_session.go:879.104,881.22 2 1
github.com/hairglasses-studio/dotfiles-mcp/mod_claude_session.go:881.22,885.4 3 1
github.com/hairglasses-studio/dotfiles-mcp/mod_claude_session.go:889.2,889.95 1 1
github.com/hairglasses-studio/dotfiles-mcp/mod_claude_session.go:889.95,891.3 1 0
github.com/hairglasses-studio/dotfiles-mcp/mod_claude_session.go:894.2,894.90 1 1
github.com/hairglasses-studio/dotfiles-mcp/mod_claude_session.go:894.90,895.52 1 1
github.com/hairglasses-studio/dotfiles-mcp/mod_claude_session.go:895.52,896.21 1 1
github.com/hairglasses-studio/dotfiles-mcp/mod_claude_session.go:896.21,897.13 1 0
github.com/hairglasses-studio/dotfiles-mcp/mod_claude_session.go:899.4,901.28 3 1
github.com/hairglasses-studio/dotfiles-mcp/mod_claude_session.go:901.28,903.5 1 0
github.com/hairglasses-studio/dotfiles-mcp/mod_claude_session.go:904.4,904.28 1 1
github.com/hairglasses-studio/dotfiles-mcp/mod_claude_session.go:904.28,906.5 1 1
github.com/hairglasses-studio/dotfiles-mcp/mod_claude_session.go:907.4,907.28 1 1
github.com/hairglasses-studio/dotfiles-mcp/mod_claude_session.go:907.28,909.5 1 0
github.com/hairglasses-studio/dotfiles-mcp/mod_claude_session.go:912.2,917.17 5 1
github.com/hairglasses-studio/dotfiles-mcp/mod_claude_session.go:921.59,927.68 2 1
github.com/hairglasses-studio/dotfiles-mcp/mod_claude_session.go:927.68,930.3 2 0
github.com/hairglasses-studio/dotfiles-mcp/mod_claude_session.go:931.2,934.64 2 1
github.com/hairglasses-studio/dotfiles-mcp/mod_claude_session.go:934.64,935.85 1 1
github.com/hairglasses-studio/dotfiles-mcp/mod_claude_session.go:935.85,936.20 1 0
github.com/hairglasses-studio/dotfiles-mcp/mod_claude_session.go:936.20,937.54 1 0
github.com/hairglasses-studio/dotfiles-mcp/mod_claude_session.go:937.54,939.20 2 0
github.com/hairglasses-studio/dotfiles-mcp/mod_claude_session.go:939.20,940.15 1 0
github.com/hairglasses-studio/dotfiles-mcp/mod_claude_session.go:942.6,944.24 3 0
github.com/hairglasses-studio/dotfiles-mcp/mod_claude_session.go:944.24,946.7 1 0
github.com/hairglasses-studio/dotfiles-mcp/mod_claude_session.go:947.6,947.59 1 0
github.com/hairglasses-studio/dotfiles-mcp/mod_claude_session.go:950.4,950.9 1 0
github.com/hairglasses-studio/dotfiles-mcp/mod_claude_session.go:953.2,956.69 2 1
github.com/hairglasses-studio/dotfiles-mcp/mod_claude_session.go:956.69,957.55 1 1
github.com/hairglasses-studio/dotfiles-mcp/mod_claude_session.go:957.55,959.18 2 1
github.com/hairglasses-studio/dotfiles-mcp/mod_claude_session.go:959.18,960.13 1 0
github.com/hairglasses-studio/dotfiles-mcp/mod_claude_session.go:962.4,964.36 2 1
github.com/hairglasses-studio/dotfiles-mcp/mod_claude_session.go:964.36,966.70 2 1
github.com/hairglasses-studio/dotfiles-mcp/mod_claude_session.go:966.70,968.6 1 0
github.com/hairglasses-studio/dotfiles-mcp/mod_claude_session.go:974.2,974.86 1 1
github.com/hairglasses-studio/dotfiles-mcp/mod_claude_session.go:974.86,976.3 1 0
github.com/hairglasses-studio/dotfiles-mcp/mod_claude_session.go:978.2,978.17 1 1
github.com/hairglasses-studio/dotfiles-mcp/mod_claude_session.go:982.55,984.41 2 1
github.com/hairglasses-studio/dotfiles-mcp/mod_claude_session.go:984.41,986.3 1 1
github.com/hairglasses-studio/dotfiles-mcp/mod_claude_session.go:987.2,987.47 1 1
github.com/hairglasses-studio/dotfiles-mcp/mod_claude_session.go:987.47,989.3 1 1
github.com/hairglasses-studio/dotfiles-mcp/mod_claude_session.go:992.2,992.17 1 1
github.com/hairglasses-studio/dotfiles-mcp/mod_claude_session.go:993.14,994.55 1 1
github.com/hairglasses-studio/dotfiles-mcp/mod_claude_session.go:994.55,995.50 1 1
github.com/hairglasses-studio/dotfiles-mcp/mod_claude_session.go:995.50,997.5 1 1
github.com/hairglasses-studio/dotfiles-mcp/mod_claude_session.go:999.19,1000.55 1 0
github.com/hairglasses-studio/dotfiles-mcp/mod_claude_session.go:1000.55,1001.69 1 0
github.com/hairglasses-studio/dotfiles-mcp/mod_claude_session.go:1001.69,1002.53 1 0
github.com/hairglasses-studio/dotfiles-mcp/mod_claude_session.go:1002.53,1003.48 1 0
github.com/hairglasses-studio/dotfiles-mcp/mod_claude_session.go:1003.48,1005.7 1 0
github.com/hairglasses-studio/dotfiles-mcp/mod_claude_session.go:1005.12,1005.44 1 0
github.com/hairglasses-studio/dotfiles-mcp/mod_claude_session.go:1005.44,1008.7 2 0
github.com/hairglasses-studio/dotfiles-mcp/mod_claude_session.go:1012.16,1013.47 1 1
github.com/hairglasses-studio/dotfiles-mcp/mod_claude_session.go:1013.47,1015.4 1 1
github.com/hairglasses-studio/dotfiles-mcp/mod_claude_session.go:1016.25,1018.58 2 1
github.com/hairglasses-studio/dotfiles-mcp/mod_claude_session.go:1019.31,1020.41 1 1
github.com/hairglasses-studio/dotfiles-mcp/mod_claude_session.go:1021.10,1022.44 1 0
github.com/hairglasses-studio/dotfiles-mcp/mod_claude_session.go:1025.2,1025.11 1 1
github.com/hairglasses-studio/dotfiles-mcp/mod_claude_session.go:1028.41,1032.18 3 1
github.com/hairglasses-studio/dotfiles-mcp/mod_claude_session.go:1032.18,1034.3 1 1
github.com/hairglasses-studio/dotfiles-mcp/mod_claude_session.go:1035.2,1035.10 1 1
github.com/hairglasses-studio/dotfiles-mcp/mod_claude_session.go:1043.39,1045.16 2 0
github.com/hairglasses-studio/dotfiles-mcp/mod_claude_session.go:1045.16,1047.3 1 0
github.com/hairglasses-studio/dotfiles-mcp/mod_claude_session.go:1048.2,1052.21 4 0
github.com/hairglasses-studio/dotfiles-mcp/mod_claude_session.go:1052.21,1055.39 2 0
github.com/hairglasses-studio/dotfiles-mcp/mod_claude_session.go:1055.39,1056.12 1 0
github.com/hairglasses-studio/dotfiles-mcp/mod_claude_session.go:1058.3,1062.69 2 0
github.com/hairglasses-studio/dotfiles-mcp/mod_claude_session.go:1062.69,1064.4 1 0
github.com/hairglasses-studio/dotfiles-mcp/mod_claude_session.go:1066.2,1066.11 1 0
github.com/hairglasses-studio/dotfiles-mcp/mod_claude_session.go:1070.41,1072.16 2 0
github.com/hairglasses-studio/dotfiles-mcp/mod_claude_session.go:1072.16,1074.3 1 0
github.com/hairglasses-studio/dotfiles-mcp/mod_claude_session.go:1075.2,1080.21 5 0
github.com/hairglasses-studio/dotfiles-mcp/mod_claude_session.go:1080.21,1082.90 2 0
github.com/hairglasses-studio/dotfiles-mcp/mod_claude_session.go:1082.90,1087.78 2 0
github.com/hairglasses-studio/dotfiles-mcp/mod_claude_session.go:1087.78,1089.5 1 0
github.com/hairglasses-studio/dotfiles-mcp/mod_claude_session.go:1091.3,1091.45 1 0
github.com/hairglasses-studio/dotfiles-mcp/mod_claude_session.go:1091.45,1096.76 2 0
github.com/hairglasses-studio/dotfiles-mcp/mod_claude_session.go:1096.76,1098.5 1 0
github.com/hairglasses-studio/dotfiles-mcp/mod_claude_session.go:1100.3,1100.53 1 0
github.com/hairglasses-studio/dotfiles-mcp/mod_claude_session.go:1100.53,1104.71 2 0
github.com/hairglasses-studio/dotfiles-mcp/mod_claude_session.go:1104.71,1106.5 1 0
github.com/hairglasses-studio/dotfiles-mcp/mod_claude_session.go:1109.2,1109.13 1 0
github.com/hairglasses-studio/dotfiles-mcp/mod_claude_session.go:1114.123,1116.16 2 0
github.com/hairglasses-studio/dotfiles-mcp/mod_claude_session.go:1116.16,1118.3 1 0
github.com/hairglasses-studio/dotfiles-mcp/mod_claude_session.go:1119.2,1126.21 6 0
github.com/hairglasses-studio/dotfiles-mcp/mod_claude_session.go:1126.21,1131.15 3 0
github.com/hairglasses-studio/dotfiles-mcp/mod_claude_session.go:1131.15,1133.4 1 0
github.com/hairglasses-studio/dotfiles-mcp/mod_claude_session.go:1133.9,1135.4 1 0
github.com/hairglasses-studio/dotfiles-mcp/mod_claude_session.go:1136.3,1136.15 1 0
github.com/hairglasses-studio/dotfiles-mcp/mod_claude_session.go:1136.15,1137.12 1 0
github.com/hairglasses-studio/dotfiles-mcp/mod_claude_session.go:1139.3,1142.34 2 0
github.com/hairglasses-studio/dotfiles-mcp/mod_claude_session.go:1142.34,1144.21 2 0
github.com/hairglasses-studio/dotfiles-mcp/mod_claude_session.go:1144.21,1146.5 1 0
github.com/hairglasses-studio/dotfiles-mcp/mod_claude_session.go:1149.2,1149.23 1 0
github.com/hairglasses-studio/dotfiles-mcp/mod_claude_session.go:1153.53,1155.49 2 0
github.com/hairglasses-studio/dotfiles-mcp/mod_claude_session.go:1155.49,1157.3 1 0
github.com/hairglasses-studio/dotfiles-mcp/mod_claude_session.go:1159.2,1163.19 3 0
github.com/hairglasses-studio/dotfiles-mcp/mod_claude_session.go:1164.14,1165.55 1 0
github.com/hairglasses-studio/dotfiles-mcp/mod_claude_session.go:1165.55,1167.4 1 0
github.com/hairglasses-studio/dotfiles-mcp/mod_claude_session.go:1168.19,1169.55 1 0
github.com/hairglasses-studio/dotfiles-mcp/mod_claude_session.go:1169.55,1170.49 1 0
github.com/hairglasses-studio/dotfiles-mcp/mod_claude_session.go:1170.49,1171.35 1 0
github.com/hairglasses-studio/dotfiles-mcp/mod_claude_session.go:1171.35,1172.45 1 0
github.com/hairglasses-studio/dotfiles-mcp/mod_claude_session.go:1172.45,1173.42 1 0
github.com/hairglasses-studio/dotfiles-mcp/mod_claude_session.go:1173.42,1175.13 2 0
github.com/hairglasses-studio/dotfiles-mcp/mod_claude_session.go:1181.22,1182.42 1 0
github.com/hairglasses-studio/dotfiles-mcp/mod_claude_session.go:1183.20,1184.40 1 0
github.com/hairglasses-studio/dotfiles-mcp/mod_claude_session.go:1187.2,1187.16 1 0
github.com/hairglasses-studio/dotfiles-mcp/mod_claude_session.go:1187.16,1189.3 1 0
github.com/hairglasses-studio/dotfiles-mcp/mod_claude_session.go:1192.2,1194.13 3 0
github.com/hairglasses-studio/dotfiles-mcp/mod_claude_session.go:1194.13,1196.3 1 0
github.com/hairglasses-studio/dotfiles-mcp/mod_claude_session.go:1199.2,1200.15 2 0
github.com/hairglasses-studio/dotfiles-mcp/mod_claude_session.go:1200.15,1202.3 1 0
github.com/hairglasses-studio/dotfiles-mcp/mod_claude_session.go:1203.2,1204.21 2 0
github.com/hairglasses-studio/dotfiles-mcp/mod_claude_session.go:1204.21,1206.3 1 0
github.com/hairglasses-studio/dotfiles-mcp/mod_claude_session.go:1207.2,1210.15 4 0
github.com/hairglasses-studio/dotfiles-mcp/mod_claude_session.go:1210.15,1212.3 1 0
github.com/hairglasses-studio/dotfiles-mcp/mod_claude_session.go:1213.2,1213.21 1 0
github.com/hairglasses-studio/dotfiles-mcp/mod_claude_session.go:1213.21,1215.3 1 0
github.com/hairglasses-studio/dotfiles-mcp/mod_claude_session.go:1216.2,1216.16 1 0
github.com/hairglasses-studio/dotfiles-mcp/mod_claude_session.go:1220.151,1221.21 1 0
github.com/hairglasses-studio/dotfiles-mcp/mod_claude_session.go:1221.21,1223.3 1 0
github.com/hairglasses-studio/dotfiles-mcp/mod_claude_session.go:1224.2,1224.21 1 0
github.com/hairglasses-studio/dotfiles-mcp/mod_claude_session.go:1224.21,1226.3 1 0
github.com/hairglasses-studio/dotfiles-mcp/mod_claude_session.go:1229.2,1232.86 4 0
github.com/hairglasses-studio/dotfiles-mcp/mod_claude_session.go:1232.86,1236.17 4 0
github.com/hairglasses-studio/dotfiles-mcp/mod_claude_session.go:1236.17,1238.4 1 0
github.com/hairglasses-studio/dotfiles-mcp/mod_claude_session.go:1239.3,1239.18 1 0
github.com/hairglasses-studio/dotfiles-mcp/mod_claude_session.go:1243.2,1245.26 3 0
github.com/hairglasses-studio/dotfiles-mcp/mod_claude_session.go:1245.26,1247.3 1 0
github.com/hairglasses-studio/dotfiles-mcp/mod_claude_session.go:1249.2,1252.19 3 0
github.com/hairglasses-studio/dotfiles-mcp/mod_claude_session.go:1252.19,1254.3 1 0
github.com/hairglasses-studio/dotfiles-mcp/mod_claude_session.go:1257.2,1259.16 3 0
github.com/hairglasses-studio/dotfiles-mcp/mod_claude_session.go:1259.16,1261.3 1 0
github.com/hairglasses-studio/dotfiles-mcp/mod_claude_session.go:1263.2,1269.33 3 0
github.com/hairglasses-studio/dotfiles-mcp/mod_claude_session.go:1269.33,1270.18 1 0
github.com/hairglasses-studio/dotfiles-mcp/mod_claude_session.go:1270.18,1271.12 1 0
github.com/hairglasses-studio/dotfiles-mcp/mod_claude_session.go:1273.3,1275.17 3 0
github.com/hairglasses-studio/dotfiles-mcp/mod_claude_session.go:1275.17,1276.12 1 0
github.com/hairglasses-studio/dotfiles-mcp/mod_claude_session.go:1278.3,1278.27 1 0
github.com/hairglasses-studio/dotfiles-mcp/mod_claude_session.go:1278.27,1280.55 2 0
github.com/hairglasses-studio/dotfiles-mcp/mod_claude_session.go:1280.55,1281.13 1 0
github.com/hairglasses-studio/dotfiles-mcp/mod_claude_session.go:1283.4,1285.27 2 0
github.com/hairglasses-studio/dotfiles-mcp/mod_claude_session.go:1285.27,1286.13 1 0
github.com/hairglasses-studio/dotfiles-mcp/mod_claude_session.go:1288.4,1291.6 1 0
github.com/hairglasses-studio/dotfiles-mcp/mod_claude_session.go:1296.2,1307.28 7 0
github.com/hairglasses-studio/dotfiles-mcp/mod_claude_session.go:1307.28,1309.27 2 0
github.com/hairglasses-studio/dotfiles-mcp/mod_claude_session.go:1309.27,1312.17 3 0
github.com/hairglasses-studio/dotfiles-mcp/mod_claude_session.go:1312.17,1312.26 1 0
github.com/hairglasses-studio/dotfiles-mcp/mod_claude_session.go:1314.4,1321.43 6 0
github.com/hairglasses-studio/dotfiles-mcp/mod_claude_session.go:1321.43,1323.5 1 0
github.com/hairglasses-studio/dotfiles-mcp/mod_claude_session.go:1326.4,1326.77 1 0
github.com/hairglasses-studio/dotfiles-mcp/mod_claude_session.go:1326.77,1328.5 1 0
github.com/hairglasses-studio/dotfiles-mcp/mod_claude_session.go:1331.4,1332.15 2 0
github.com/hairglasses-studio/dotfiles-mcp/mod_claude_session.go:1332.15,1334.5 1 0
github.com/hairglasses-studio/dotfiles-mcp/mod_claude_session.go:1335.4,1335.17 1 0
github.com/hairglasses-studio/dotfiles-mcp/mod_claude_session.go:1335.17,1337.5 1 0
github.com/hairglasses-studio/dotfiles-mcp/mod_claude_session.go:1338.4,1341.68 2 0
github.com/hairglasses-studio/dotfiles-mcp/mod_claude_session.go:1341.68,1343.5 1 0
github.com/hairglasses-studio/dotfiles-mcp/mod_claude_session.go:1346.4,1347.30 2 0
github.com/hairglasses-studio/dotfiles-mcp/mod_claude_session.go:1347.30,1349.5 1 0
github.com/hairglasses-studio/dotfiles-mcp/mod_claude_session.go:1350.4,1350.19 1 0
github.com/hairglasses-studio/dotfiles-mcp/mod_claude_session.go:1350.19,1351.51 1 0
github.com/hairglasses-studio/dotfiles-mcp/mod_claude_session.go:1351.51,1353.6 1 0
github.com/hairglasses-studio/dotfiles-mcp/mod_claude_session.go:1355.4,1355.45 1 0
github.com/hairglasses-studio/dotfiles-mcp/mod_claude_session.go:1355.45,1357.5 1 0
github.com/hairglasses-studio/dotfiles-mcp/mod_claude_session.go:1360.4,1361.17 2 0
github.com/hairglasses-studio/dotfiles-mcp/mod_claude_session.go:1361.17,1363.5 1 0
github.com/hairglasses-studio/dotfiles-mcp/mod_claude_session.go:1366.4,1367.34 2 0
github.com/hairglasses-studio/dotfiles-mcp/mod_claude_session.go:1367.34,1369.5 1 0
github.com/hairglasses-studio/dotfiles-mcp/mod_claude_session.go:1370.4,1370.19 1 0
github.com/hairglasses-studio/dotfiles-mcp/mod_claude_session.go:1370.19,1371.48 1 0
github.com/hairglasses-studio/dotfiles-mcp/mod_claude_session.go:1371.48,1373.6 1 0
github.com/hairglasses-studio/dotfiles-mcp/mod_claude_session.go:1375.4,1375.19 1 0
github.com/hairglasses-studio/dotfiles-mcp/mod_claude_session.go:1375.19,1377.5 1 0
github.com/hairglasses-studio/dotfiles-mcp/mod_claude_session.go:1380.4,1381.17 2 0
github.com/hairglasses-studio/dotfiles-mcp/mod_claude_session.go:1381.17,1383.5 1 0
github.com/hairglasses-studio/dotfiles-mcp/mod_claude_session.go:1385.4,1399.15 4 0
github.com/hairglasses-studio/dotfiles-mcp/mod_claude_session.go:1402.2,1405.42 2 0
github.com/hairglasses-studio/dotfiles-mcp/mod_claude_session.go:1405.42,1407.41 2 0
github.com/hairglasses-studio/dotfiles-mcp/mod_claude_session.go:1407.41,1409.4 1 0
github.com/hairglasses-studio/dotfiles-mcp/mod_claude_session.go:1410.3,1410.41 1 0
github.com/hairglasses-studio/dotfiles-mcp/mod_claude_session.go:1410.41,1412.4 1 0
github.com/hairglasses-studio/dotfiles-mcp/mod_claude_session.go:1413.3,1413.65 1 0
github.com/hairglasses-studio/dotfiles-mcp/mod_claude_session.go:1417.2,1418.31 2 0
github.com/hairglasses-studio/dotfiles-mcp/mod_claude_session.go:1418.31,1420.3 1 0
github.com/hairglasses-studio/dotfiles-mcp/mod_claude_session.go:1422.2,1423.28 2 0
github.com/hairglasses-studio/dotfiles-mcp/mod_claude_session.go:1423.28,1425.3 1 0
github.com/hairglasses-studio/dotfiles-mcp/mod_claude_session.go:1426.2,1426.28 1 0
github.com/hairglasses-studio/dotfiles-mcp/mod_claude_session.go:1435.52,1435.79 1 1
github.com/hairglasses-studio/dotfiles-mcp/mod_claude_session.go:1436.52,1436.134 1 0
github.com/hairglasses-studio/dotfiles-mcp/mod_claude_session.go:1438.65,1444.79 1 1
github.com/hairglasses-studio/dotfiles-mcp/mod_claude_session.go:1444.79,1446.21 2 0
github.com/hairglasses-studio/dotfiles-mcp/mod_claude_session.go:1446.21,1448.6 1 0
github.com/hairglasses-studio/dotfiles-mcp/mod_claude_session.go:1449.5,1450.23 2 0
github.com/hairglasses-studio/dotfiles-mcp/mod_claude_session.go:1450.23,1452.6 1 0
github.com/hairglasses-studio/dotfiles-mcp/mod_claude_session.go:1454.5,1455.19 2 0
github.com/hairglasses-studio/dotfiles-mcp/mod_claude_session.go:1455.19,1457.6 1 0
github.com/hairglasses-studio/dotfiles-mcp/mod_claude_session.go:1459.5,1460.19 2 0
github.com/hairglasses-studio/dotfiles-mcp/mod_claude_session.go:1460.19,1462.6 1 0
github.com/hairglasses-studio/dotfiles-mcp/mod_claude_session.go:1464.5,1466.32 3 0
github.com/hairglasses-studio/dotfiles-mcp/mod_claude_session.go:1466.32,1467.29 1 0
github.com/hairglasses-studio/dotfiles-mcp/mod_claude_session.go:1467.29,1469.7 1 0
github.com/hairglasses-studio/dotfiles-mcp/mod_claude_session.go:1469.12,1478.7 2 0
github.com/hairglasses-studio/dotfiles-mcp/mod_claude_session.go:1482.5,1484.59 3 0
github.com/hairglasses-studio/dotfiles-mcp/mod_claude_session.go:1484.59,1486.36 2 0
github.com/hairglasses-studio/dotfiles-mcp/mod_claude_session.go:1486.36,1488.48 2 0
github.com/hairglasses-studio/dotfiles-mcp/mod_claude_session.go:1488.48,1489.16 1 0
github.com/hairglasses-studio/dotfiles-mcp/mod_claude_session.go:1491.7,1493.92 3 0
[...]
github.com/hairglasses-studio/dotfiles-mcp/mod_shader.go:1019.79,1021.27 2 0
github.com/hairglasses-studio/dotfiles-mcp/mod_shader.go:1021.27,1023.20 2 0
github.com/hairglasses-studio/dotfiles-mcp/mod_shader.go:1023.20,1025.7 1 0
github.com/hairglasses-studio/dotfiles-mcp/mod_shader.go:1026.6,1026.34 1 0
github.com/hairglasses-studio/dotfiles-mcp/mod_shader.go:1027.11,1029.20 2 0
github.com/hairglasses-studio/dotfiles-mcp/mod_shader.go:1029.20,1031.7 1 0
github.com/hairglasses-studio/dotfiles-mcp/mod_shader.go:1032.6,1033.30 2 0
github.com/hairglasses-studio/dotfiles-mcp/mod_shader.go:1033.30,1035.7 1 0
github.com/hairglasses-studio/dotfiles-mcp/mod_shader.go:1038.5,1040.31 3 0
github.com/hairglasses-studio/dotfiles-mcp/mod_shader.go:1040.31,1048.20 5 0
github.com/hairglasses-studio/dotfiles-mcp/mod_shader.go:1048.20,1052.7 3 0
github.com/hairglasses-studio/dotfiles-mcp/mod_shader.go:1052.12,1055.7 2 0
github.com/hairglasses-studio/dotfiles-mcp/mod_shader.go:1056.6,1056.34 1 0
github.com/hairglasses-studio/dotfiles-mcp/mod_shader.go:1059.5,1060.19 2 0
github.com/hairglasses-studio/dotfiles-mcp/mod_shader.go:1060.19,1062.6 1 0
github.com/hairglasses-studio/dotfiles-mcp/mod_shader.go:1064.5,1069.11 1 0
github.com/hairglasses-studio/dotfiles-mcp/mod_shader.go:1077.85,1078.25 1 0
github.com/hairglasses-studio/dotfiles-mcp/mod_shader.go:1078.25,1080.20 2 0
github.com/hairglasses-studio/dotfiles-mcp/mod_shader.go:1080.20,1082.7 1 0
github.com/hairglasses-studio/dotfiles-mcp/mod_shader.go:1083.6,1084.30 2 0
github.com/hairglasses-studio/dotfiles-mcp/mod_shader.go:1084.30,1086.21 2 0
github.com/hairglasses-studio/dotfiles-mcp/mod_shader.go:1086.21,1087.16 1 0
github.com/hairglasses-studio/dotfiles-mcp/mod_shader.go:1089.7,1089.72 1 0
github.com/hairglasses-studio/dotfiles-mcp/mod_shader.go:1091.6,1091.56 1 0
github.com/hairglasses-studio/dotfiles-mcp/mod_shader.go:1094.5,1095.19 2 0
github.com/hairglasses-studio/dotfiles-mcp/mod_shader.go:1095.19,1097.6 1 0
github.com/hairglasses-studio/dotfiles-mcp/mod_shader.go:1099.5,1099.50 1 0
github.com/hairglasses-studio/dotfiles-mcp/mod_shader.go:1099.50,1100.27 1 0
github.com/hairglasses-studio/dotfiles-mcp/mod_shader.go:1100.27,1102.7 1 0
github.com/hairglasses-studio/dotfiles-mcp/mod_shader.go:1103.6,1105.20 3 0
github.com/hairglasses-studio/dotfiles-mcp/mod_shader.go:1105.20,1107.7 1 0
github.com/hairglasses-studio/dotfiles-mcp/mod_shader.go:1108.6,1108.82 1 0
github.com/hairglasses-studio/dotfiles-mcp/mod_shader.go:1108.82,1110.7 1 0
github.com/hairglasses-studio/dotfiles-mcp/mod_shader.go:1111.6,1116.12 1 0
github.com/hairglasses-studio/dotfiles-mcp/mod_shader.go:1119.5,1125.11 1 0
github.com/hairglasses-studio/dotfiles-mcp/mod_shader.go:1133.83,1138.19 3 0
github.com/hairglasses-studio/dotfiles-mcp/mod_shader.go:1138.19,1140.6 1 0
github.com/hairglasses-studio/dotfiles-mcp/mod_shader.go:1141.5,1142.19 2 0
github.com/hairglasses-studio/dotfiles-mcp/mod_shader.go:1142.19,1144.6 1 0
github.com/hairglasses-studio/dotfiles-mcp/mod_shader.go:1145.5,1146.46 2 0
github.com/hairglasses-studio/dotfiles-mcp/mod_shader.go:1146.46,1150.6 3 0
github.com/hairglasses-studio/dotfiles-mcp/mod_shader.go:1151.5,1152.58 2 0
github.com/hairglasses-studio/dotfiles-mcp/mod_shader.go:1152.58,1154.6 1 0
github.com/hairglasses-studio/dotfiles-mcp/mod_shader.go:1155.5,1155.55 1 0
github.com/hairglasses-studio/dotfiles-mcp/mod_shader.go:1155.55,1159.38 3 0
github.com/hairglasses-studio/dotfiles-mcp/mod_shader.go:1159.38,1161.7 1 0
github.com/hairglasses-studio/dotfiles-mcp/mod_shader.go:1162.6,1162.74 1 0
github.com/hairglasses-studio/dotfiles-mcp/mod_shader.go:1164.5,1164.71 1 0
github.com/hairglasses-studio/dotfiles-mcp/mod_shader.go:1172.77,1174.18 2 0
github.com/hairglasses-studio/dotfiles-mcp/mod_shader.go:1174.18,1176.6 1 0
github.com/hairglasses-studio/dotfiles-mcp/mod_shader.go:1177.5,1178.19 2 0
github.com/hairglasses-studio/dotfiles-mcp/mod_shader.go:1178.19,1180.6 1 0
github.com/hairglasses-studio/dotfiles-mcp/mod_shader.go:1181.5,1181.25 1 0
github.com/hairglasses-studio/dotfiles-mcp/mod_shader.go:1181.25,1183.6 1 0
github.com/hairglasses-studio/dotfiles-mcp/mod_shader.go:1184.5,1188.38 4 0
github.com/hairglasses-studio/dotfiles-mcp/mod_shader.go:1188.38,1190.6 1 0
github.com/hairglasses-studio/dotfiles-mcp/mod_shader.go:1191.5,1191.38 1 0
github.com/hairglasses-studio/dotfiles-mcp/mod_shader.go:1191.38,1193.6 1 0
github.com/hairglasses-studio/dotfiles-mcp/mod_shader.go:1194.5,1194.38 1 0
github.com/hairglasses-studio/dotfiles-mcp/mod_shader.go:1194.38,1196.6 1 0
github.com/hairglasses-studio/dotfiles-mcp/mod_shader.go:1197.5,1197.44 1 0
github.com/hairglasses-studio/dotfiles-mcp/mod_shader.go:1197.44,1199.6 1 0
github.com/hairglasses-studio/dotfiles-mcp/mod_shader.go:1201.5,1205.11 1 0
github.com/hairglasses-studio/dotfiles-mcp/mod_shader.go:1213.75,1215.19 2 0
github.com/hairglasses-studio/dotfiles-mcp/mod_shader.go:1215.19,1217.6 1 0
github.com/hairglasses-studio/dotfiles-mcp/mod_shader.go:1218.5,1219.26 2 0
github.com/hairglasses-studio/dotfiles-mcp/mod_shader.go:1219.26,1222.20 3 0
github.com/hairglasses-studio/dotfiles-mcp/mod_shader.go:1222.20,1224.7 1 0
github.com/hairglasses-studio/dotfiles-mcp/mod_shader.go:1226.5,1227.19 2 0
github.com/hairglasses-studio/dotfiles-mcp/mod_shader.go:1227.19,1229.6 1 0
github.com/hairglasses-studio/dotfiles-mcp/mod_shader.go:1231.5,1232.31 2 0
github.com/hairglasses-studio/dotfiles-mcp/mod_shader.go:1232.31,1240.28 2 0
github.com/hairglasses-studio/dotfiles-mcp/mod_shader.go:1240.28,1243.37 3 0
github.com/hairglasses-studio/dotfiles-mcp/mod_shader.go:1243.37,1245.8 1 0
github.com/hairglasses-studio/dotfiles-mcp/mod_shader.go:1247.6,1247.27 1 0
github.com/hairglasses-studio/dotfiles-mcp/mod_shader.go:1250.5,1250.25 1 0
github.com/hairglasses-studio/dotfiles-mcp/mod_shader.go:1250.25,1252.6 1 0
github.com/hairglasses-studio/dotfiles-mcp/mod_shader.go:1254.5,1254.63 1 0
github.com/hairglasses-studio/dotfiles-mcp/mod_shader.go:1262.83,1264.19 2 0
github.com/hairglasses-studio/dotfiles-mcp/mod_shader.go:1264.19,1266.6 1 0
github.com/hairglasses-studio/dotfiles-mcp/mod_shader.go:1268.5,1269.22 2 0
github.com/hairglasses-studio/dotfiles-mcp/mod_shader.go:1269.22,1271.6 1 0
github.com/hairglasses-studio/dotfiles-mcp/mod_shader.go:1274.5,1275.19 2 0
github.com/hairglasses-studio/dotfiles-mcp/mod_shader.go:1275.19,1277.6 1 0
github.com/hairglasses-studio/dotfiles-mcp/mod_shader.go:1280.5,1281.29 2 0
github.com/hairglasses-studio/dotfiles-mcp/mod_shader.go:1281.29,1283.6 1 0
github.com/hairglasses-studio/dotfiles-mcp/mod_shader.go:1286.5,1286.68 1 0
github.com/hairglasses-studio/dotfiles-mcp/mod_shader.go:1286.68,1289.6 2 0
github.com/hairglasses-studio/dotfiles-mcp/mod_shader.go:1292.5,1294.80 3 0
github.com/hairglasses-studio/dotfiles-mcp/mod_shader.go:1294.80,1300.6 5 0
github.com/hairglasses-studio/dotfiles-mcp/mod_shader.go:1301.5,1307.11 2 0
github.com/hairglasses-studio/dotfiles-mcp/mod_shader.go:1315.89,1317.19 2 0
github.com/hairglasses-studio/dotfiles-mcp/mod_shader.go:1317.19,1319.6 1 0
github.com/hairglasses-studio/dotfiles-mcp/mod_shader.go:1320.5,1321.19 2 0
github.com/hairglasses-studio/dotfiles-mcp/mod_shader.go:1321.19,1323.6 1 0
github.com/hairglasses-studio/dotfiles-mcp/mod_shader.go:1325.5,1325.48 1 0
github.com/hairglasses-studio/dotfiles-mcp/mod_shader.go:1325.48,1327.32 2 0
github.com/hairglasses-studio/dotfiles-mcp/mod_shader.go:1327.32,1329.29 2 0
github.com/hairglasses-studio/dotfiles-mcp/mod_shader.go:1329.29,1330.36 1 0
github.com/hairglasses-studio/dotfiles-mcp/mod_shader.go:1330.36,1332.9 1 0
github.com/hairglasses-studio/dotfiles-mcp/mod_shader.go:1334.7,1334.27 1 0
github.com/hairglasses-studio/dotfiles-mcp/mod_shader.go:1336.6,1336.80 1 0
github.com/hairglasses-studio/dotfiles-mcp/mod_shader.go:1339.5,1339.78 1 0
github.com/hairglasses-studio/dotfiles-mcp/oss.go:24.42,24.58 1 1
github.com/hairglasses-studio/dotfiles-mcp/oss.go:25.42,25.101 1 0
github.com/hairglasses-studio/dotfiles-mcp/oss.go:27.55,32.73 1 1
github.com/hairglasses-studio/dotfiles-mcp/oss.go:32.73,33.29 1 1
github.com/hairglasses-studio/dotfiles-mcp/oss.go:33.29,35.6 1 1
github.com/hairglasses-studio/dotfiles-mcp/oss.go:36.5,37.36 2 1
github.com/hairglasses-studio/dotfiles-mcp/oss.go:37.36,39.6 1 1
github.com/hairglasses-studio/dotfiles-mcp/oss.go:40.5,40.62 1 0
github.com/hairglasses-studio/dotfiles-mcp/oss.go:46.76,47.29 1 1
github.com/hairglasses-studio/dotfiles-mcp/oss.go:47.29,49.6 1 1
github.com/hairglasses-studio/dotfiles-mcp/oss.go:50.5,51.36 2 1
github.com/hairglasses-studio/dotfiles-mcp/oss.go:51.36,53.6 1 1
github.com/hairglasses-studio/dotfiles-mcp/oss.go:54.5,54.77 1 0
github.com/hairglasses-studio/dotfiles-mcp/oss.go:105.67,110.27 4 1
github.com/hairglasses-studio/dotfiles-mcp/oss.go:110.27,115.3 4 1
github.com/hairglasses-studio/dotfiles-mcp/oss.go:118.2,123.33 3 1
github.com/hairglasses-studio/dotfiles-mcp/oss.go:123.33,124.33 1 1
github.com/hairglasses-studio/dotfiles-mcp/oss.go:124.33,125.41 1 1
github.com/hairglasses-studio/dotfiles-mcp/oss.go:125.41,127.5 1 1
github.com/hairglasses-studio/dotfiles-mcp/oss.go:131.2,131.36 1 1
github.com/hairglasses-studio/dotfiles-mcp/oss.go:131.36,132.41 1 1
github.com/hairglasses-studio/dotfiles-mcp/oss.go:132.41,133.45 1 1
github.com/hairglasses-studio/dotfiles-mcp/oss.go:133.45,135.5 1 1
github.com/hairglasses-studio/dotfiles-mcp/oss.go:138.2,139.28 2 1
github.com/hairglasses-studio/dotfiles-mcp/oss.go:139.28,140.14 1 1
github.com/hairglasses-studio/dotfiles-mcp/oss.go:140.14,141.9 1 1
github.com/hairglasses-studio/dotfiles-mcp/oss.go:143.3,143.81 1 1
github.com/hairglasses-studio/dotfiles-mcp/oss.go:146.2,154.3 1 1
github.com/hairglasses-studio/dotfiles-mcp/oss.go:157.41,158.14 1 1
github.com/hairglasses-studio/dotfiles-mcp/oss.go:158.14,160.3 1 1
github.com/hairglasses-studio/dotfiles-mcp/oss.go:161.2,162.9 2 1
github.com/hairglasses-studio/dotfiles-mcp/oss.go:163.17,164.13 1 1
github.com/hairglasses-studio/dotfiles-mcp/oss.go:165.17,166.13 1 1
github.com/hairglasses-studio/dotfiles-mcp/oss.go:167.17,168.13 1 1
github.com/hairglasses-studio/dotfiles-mcp/oss.go:169.17,170.13 1 1
github.com/hairglasses-studio/dotfiles-mcp/oss.go:171.10,172.13 1 1
github.com/hairglasses-studio/dotfiles-mcp/oss.go:176.79,178.18 2 1
github.com/hairglasses-studio/dotfiles-mcp/oss.go:179.19,180.36 1 1
github.com/hairglasses-studio/dotfiles-mcp/oss.go:181.16,182.33 1 1
github.com/hairglasses-studio/dotfiles-mcp/oss.go:183.15,184.32 1 1
github.com/hairglasses-studio/dotfiles-mcp/oss.go:185.17,186.45 1 1
github.com/hairglasses-studio/dotfiles-mcp/oss.go:187.14,188.31 1 1
github.com/hairglasses-studio/dotfiles-mcp/oss.go:189.18,190.35 1 1
github.com/hairglasses-studio/dotfiles-mcp/oss.go:191.17,192.34 1 1
github.com/hairglasses-studio/dotfiles-mcp/oss.go:193.21,194.38 1 1
github.com/hairglasses-studio/dotfiles-mcp/oss.go:195.10,196.117 1 1
github.com/hairglasses-studio/dotfiles-mcp/oss.go:198.2,199.27 2 1
github.com/hairglasses-studio/dotfiles-mcp/oss.go:199.27,202.3 2 1
github.com/hairglasses-studio/dotfiles-mcp/oss.go:203.2,203.96 1 1
github.com/hairglasses-studio/dotfiles-mcp/oss.go:210.48,219.2 1 1
github.com/hairglasses-studio/dotfiles-mcp/oss.go:225.45,227.16 2 1
github.com/hairglasses-studio/dotfiles-mcp/oss.go:227.16,229.3 1 1
github.com/hairglasses-studio/dotfiles-mcp/oss.go:230.2,235.24 3 1
github.com/hairglasses-studio/dotfiles-mcp/oss.go:235.24,235.129 1 1
github.com/hairglasses-studio/dotfiles-mcp/oss.go:238.24,240.5 1 1
github.com/hairglasses-studio/dotfiles-mcp/oss.go:243.24,245.5 1 1
github.com/hairglasses-studio/dotfiles-mcp/oss.go:248.24,251.29 3 1
github.com/hairglasses-studio/dotfiles-mcp/oss.go:251.29,253.78 2 1
github.com/hairglasses-studio/dotfiles-mcp/oss.go:253.78,255.7 1 1
github.com/hairglasses-studio/dotfiles-mcp/oss.go:257.5,257.24 1 1
github.com/hairglasses-studio/dotfiles-mcp/oss.go:261.24,263.5 1 1
github.com/hairglasses-studio/dotfiles-mcp/oss.go:266.24,268.5 1 1
github.com/hairglasses-studio/dotfiles-mcp/oss.go:277.44,280.16 3 1
github.com/hairglasses-studio/dotfiles-mcp/oss.go:280.16,282.3 1 1
github.com/hairglasses-studio/dotfiles-mcp/oss.go:283.2,318.50 13 1
github.com/hairglasses-studio/dotfiles-mcp/oss.go:318.50,320.305 2 1
github.com/hairglasses-studio/dotfiles-mcp/oss.go:320.305,321.12 1 1
github.com/hairglasses-studio/dotfiles-mcp/oss.go:324.3,325.22 2 0
github.com/hairglasses-studio/dotfiles-mcp/oss.go:325.22,327.35 2 0
github.com/hairglasses-studio/dotfiles-mcp/oss.go:327.35,329.5 1 0
github.com/hairglasses-studio/dotfiles-mcp/oss.go:332.2,341.16 3 1
github.com/hairglasses-studio/dotfiles-mcp/oss.go:348.62,360.61 5 1
github.com/hairglasses-studio/dotfiles-mcp/oss.go:360.61,366.3 4 1
github.com/hairglasses-studio/dotfiles-mcp/oss.go:369.2,393.16 8 0
github.com/hairglasses-studio/dotfiles-mcp/oss.go:400.43,412.19 6 1
github.com/hairglasses-studio/dotfiles-mcp/oss.go:412.19,417.3 4 1
github.com/hairglasses-studio/dotfiles-mcp/oss.go:420.2,421.28 2 1
github.com/hairglasses-studio/dotfiles-mcp/oss.go:421.28,422.82 1 1
github.com/hairglasses-studio/dotfiles-mcp/oss.go:422.82,425.4 2 1
github.com/hairglasses-studio/dotfiles-mcp/oss.go:427.2,450.16 8 1
github.com/hairglasses-studio/dotfiles-mcp/oss.go:457.47,473.37 8 1
github.com/hairglasses-studio/dotfiles-mcp/oss.go:473.37,475.17 2 1
github.com/hairglasses-studio/dotfiles-mcp/oss.go:475.17,476.12 1 0
github.com/hairglasses-studio/dotfiles-mcp/oss.go:478.3,478.66 1 1
github.com/hairglasses-studio/dotfiles-mcp/oss.go:478.66,482.9 4 0
github.com/hairglasses-studio/dotfiles-mcp/oss.go:485.2,507.16 6 1
github.com/hairglasses-studio/dotfiles-mcp/oss.go:514.46,522.16 6 1
github.com/hairglasses-studio/dotfiles-mcp/oss.go:522.16,525.3 2 0
github.com/hairglasses-studio/dotfiles-mcp/oss.go:526.2,558.16 10 1
github.com/hairglasses-studio/dotfiles-mcp/oss.go:565.50,574.16 7 1
github.com/hairglasses-studio/dotfiles-mcp/oss.go:574.16,576.77 2 0
github.com/hairglasses-studio/dotfiles-mcp/oss.go:576.77,580.4 3 0
github.com/hairglasses-studio/dotfiles-mcp/oss.go:582.2,612.16 8 1
github.com/hairglasses-studio/dotfiles-mcp/oss.go:619.35,622.2 2 1
github.com/hairglasses-studio/dotfiles-mcp/oss.go:624.56,625.26 1 1
github.com/hairglasses-studio/dotfiles-mcp/oss.go:625.26,626.41 1 1
github.com/hairglasses-studio/dotfiles-mcp/oss.go:626.41,628.4 1 1
github.com/hairglasses-studio/dotfiles-mcp/oss.go:630.2,630.14 1 1
github.com/hairglasses-studio/dotfiles-mcp/oss.go:633.78,641.2 2 1
github.com/hairglasses-studio/dotfiles-mcp/oss.go:643.113,651.2 2 1
github.com/hairglasses-studio/dotfiles-mcp/oss.go:653.118,660.2 2 1
github.com/hairglasses-studio/dotfiles-mcp/oss.go:662.43,664.75 2 1
github.com/hairglasses-studio/dotfiles-mcp/oss.go:664.75,665.17 1 1
github.com/hairglasses-studio/dotfiles-mcp/oss.go:665.17,667.4 1 0
github.com/hairglasses-studio/dotfiles-mcp/oss.go:668.3,668.19 1 1
github.com/hairglasses-studio/dotfiles-mcp/oss.go:668.19,670.89 2 1
github.com/hairglasses-studio/dotfiles-mcp/oss.go:670.89,672.5 1 0
github.com/hairglasses-studio/dotfiles-mcp/oss.go:673.4,673.14 1 1
github.com/hairglasses-studio/dotfiles-mcp/oss.go:675.3,675.66 1 1
github.com/hairglasses-studio/dotfiles-mcp/oss.go:675.66,677.4 1 1
github.com/hairglasses-studio/dotfiles-mcp/oss.go:678.3,678.13 1 1
github.com/hairglasses-studio/dotfiles-mcp/oss.go:680.2,680.14 1 1
github.com/hairglasses-studio/dotfiles-mcp/oss.go:683.43,686.75 3 1
github.com/hairglasses-studio/dotfiles-mcp/oss.go:686.75,687.42 1 1
github.com/hairglasses-studio/dotfiles-mcp/oss.go:687.42,688.35 1 1
github.com/hairglasses-studio/dotfiles-mcp/oss.go:688.35,690.69 2 1
github.com/hairglasses-studio/dotfiles-mcp/oss.go:690.69,692.6 1 0
github.com/hairglasses-studio/dotfiles-mcp/oss.go:694.4,694.14 1 1
github.com/hairglasses-studio/dotfiles-mcp/oss.go:696.3,696.38 1 1
github.com/hairglasses-studio/dotfiles-mcp/oss.go:696.38,698.4 1 1
github.com/hairglasses-studio/dotfiles-mcp/oss.go:699.3,700.17 2 1
github.com/hairglasses-studio/dotfiles-mcp/oss.go:700.17,702.4 1 0
github.com/hairglasses-studio/dotfiles-mcp/oss.go:703.3,705.22 3 1
github.com/hairglasses-studio/dotfiles-mcp/oss.go:705.22,706.38 1 1
github.com/hairglasses-studio/dotfiles-mcp/oss.go:706.38,709.5 2 1
github.com/hairglasses-studio/dotfiles-mcp/oss.go:711.3,711.13 1 1
github.com/hairglasses-studio/dotfiles-mcp/oss.go:713.2,713.14 1 1
github.com/hairglasses-studio/dotfiles-mcp/oss.go:716.65,719.75 3 1
github.com/hairglasses-studio/dotfiles-mcp/oss.go:719.75,720.52 1 1
github.com/hairglasses-studio/dotfiles-mcp/oss.go:720.52,721.35 1 1
github.com/hairglasses-studio/dotfiles-mcp/oss.go:721.35,723.135 2 1
github.com/hairglasses-studio/dotfiles-mcp/oss.go:723.135,725.6 1 0
github.com/hairglasses-studio/dotfiles-mcp/oss.go:727.4,727.14 1 1
github.com/hairglasses-studio/dotfiles-mcp/oss.go:730.3,730.49 1 1
github.com/hairglasses-studio/dotfiles-mcp/oss.go:730.49,732.4 1 0
github.com/hairglasses-studio/dotfiles-mcp/oss.go:733.3,733.57 1 1
github.com/hairglasses-studio/dotfiles-mcp/oss.go:733.57,735.4 1 1
github.com/hairglasses-studio/dotfiles-mcp/oss.go:736.3,737.17 2 1
github.com/hairglasses-studio/dotfiles-mcp/oss.go:737.17,739.4 1 0
github.com/hairglasses-studio/dotfiles-mcp/oss.go:740.3,742.22 3 1
github.com/hairglasses-studio/dotfiles-mcp/oss.go:742.22,743.38 1 1
github.com/hairglasses-studio/dotfiles-mcp/oss.go:743.38,746.5 2 1
github.com/hairglasses-studio/dotfiles-mcp/oss.go:748.3,748.13 1 1
github.com/hairglasses-studio/dotfiles-mcp/oss.go:750.2,750.18 1 1
github.com/hairglasses-studio/dotfiles-mcp/oss.go:753.56,759.13 6 1
github.com/hairglasses-studio/dotfiles-mcp/oss.go:759.13,761.21 2 1
github.com/hairglasses-studio/dotfiles-mcp/oss.go:761.21,763.4 1 0
github.com/hairglasses-studio/dotfiles-mcp/oss.go:764.3,764.57 1 1
github.com/hairglasses-studio/dotfiles-mcp/oss.go:766.2,770.4 1 1
github.com/hairglasses-studio/dotfiles-mcp/oss.go:773.42,778.16 5 0
github.com/hairglasses-studio/dotfiles-mcp/oss.go:778.16,780.3 1 0
github.com/hairglasses-studio/dotfiles-mcp/oss.go:782.2,786.20 5 0
github.com/hairglasses-studio/dotfiles-mcp/oss.go:786.20,789.25 2 0
github.com/hairglasses-studio/dotfiles-mcp/oss.go:789.25,791.62 2 0
github.com/hairglasses-studio/dotfiles-mcp/oss.go:791.62,794.102 2 0
github.com/hairglasses-studio/dotfiles-mcp/oss.go:794.102,796.6 1 0
github.com/hairglasses-studio/dotfiles-mcp/oss.go:797.5,799.16 3 0
github.com/hairglasses-studio/dotfiles-mcp/oss.go:799.16,801.6 1 0
github.com/hairglasses-studio/dotfiles-mcp/oss.go:806.2,808.29 3 0
github.com/hairglasses-studio/dotfiles-mcp/oss.go:808.29,809.56 1 0
github.com/hairglasses-studio/dotfiles-mcp/oss.go:809.56,812.53 3 0
github.com/hairglasses-studio/dotfiles-mcp/oss.go:812.53,817.5 4 0
github.com/hairglasses-studio/dotfiles-mcp/oss.go:820.2,820.16 1 0
github.com/hairglasses-studio/dotfiles-mcp/oss.go:820.16,822.3 1 0
github.com/hairglasses-studio/dotfiles-mcp/oss.go:823.2,823.25 1 0
github.com/hairglasses-studio/dotfiles-mcp/oss.go:826.35,832.2 5 0
github.com/hairglasses-studio/dotfiles-mcp/oss.go:834.44,835.50 1 1
github.com/hairglasses-studio/dotfiles-mcp/oss.go:835.50,837.37 2 1
github.com/hairglasses-studio/dotfiles-mcp/oss.go:837.37,839.4 1 1
github.com/hairglasses-studio/dotfiles-mcp/oss.go:841.2,841.18 1 1
github.com/hairglasses-studio/dotfiles-mcp/oss.go:844.45,845.50 1 1
github.com/hairglasses-studio/dotfiles-mcp/oss.go:845.50,847.41 2 1
github.com/hairglasses-studio/dotfiles-mcp/oss.go:847.41,849.4 1 1
github.com/hairglasses-studio/dotfiles-mcp/oss.go:851.2,851.18 1 1
github.com/hairglasses-studio/dotfiles-mcp/oss.go:854.33,855.7 1 1
github.com/hairglasses-studio/dotfiles-mcp/oss.go:855.7,857.3 1 1
github.com/hairglasses-studio/dotfiles-mcp/oss.go:858.2,858.10 1 1
github.com/hairglasses-studio/dotfiles-mcp/oss.go:861.45,862.10 1 1
github.com/hairglasses-studio/dotfiles-mcp/oss.go:862.10,864.3 1 1
github.com/hairglasses-studio/dotfiles-mcp/oss.go:865.2,865.10 1 1
